TN:
SF:./mute.js
FN:7,MuteStream
FN:29,(anonymous_2)
FN:33,(anonymous_3)
FN:44,onPipe
FN:55,getIsTTY
FN:63,setIsTTY
FN:73,(anonymous_7)
FN:80,(anonymous_8)
FN:87,(anonymous_9)
FN:92,(anonymous_10)
FN:96,(anonymous_11)
FN:100,(anonymous_12)
FN:124,(anonymous_13)
FN:136,proxy
FN:136,(anonymous_15)
FNDA:2,(anonymous_13)
FNDA:0,(anonymous_15)
FNDA:2,setIsTTY
FNDA:8,getIsTTY
FNDA:2,(anonymous_10)
FNDA:5,(anonymous_7)
FNDA:5,onPipe
FNDA:3,proxy
FNDA:25,(anonymous_12)
FNDA:6,(anonymous_3)
FNDA:2,(anonymous_9)
FNDA:5,(anonymous_8)
FNDA:10,(anonymous_2)
FNDA:7,MuteStream
FNDA:2,(anonymous_11)
FNF:15
FNH:14
DA:1,1
DA:3,1
DA:7,1
DA:8,7
DA:9,7
DA:10,7
DA:11,7
DA:12,7
DA:13,7
DA:18,7
DA:19,7
DA:22,1
DA:24,1
DA:29,1
DA:30,10
DA:33,1
DA:34,6
DA:37,1
DA:44,1
DA:45,5
DA:48,1
DA:55,1
DA:56,8
DA:63,1
DA:64,2
DA:72,1
DA:74,5
DA:79,1
DA:81,5
DA:87,1
DA:88,2
DA:89,2
DA:92,1
DA:93,2
DA:96,1
DA:97,2
DA:100,1
DA:101,25
DA:102,13
DA:103,8
DA:104,0
DA:105,0
DA:106,0
DA:107,0
DA:109,0
DA:110,0
DA:112,8
DA:114,0
DA:115,0
DA:116,0
DA:118,8
DA:121,20
DA:124,1
DA:125,2
DA:126,2
DA:127,0
DA:129,2
DA:132,2
DA:133,2
DA:136,3
DA:137,0
DA:138,0
DA:139,0
DA:140,0
DA:143,1
DA:144,1
DA:145,1
LF:67
LH:53
end_of_record
TN:
SF:/Users/jcrugzz/github/nodejitsu/node-http-proxy/lib/http-proxy.js
FN:21,createProxyServer
FNDA:0,createProxyServer
FNF:1
FNH:0
DA:2,1
DA:51,0
DA:55,1
DA:56,1
DA:57,1
DA:65,1
LF:6
LH:5
end_of_record
TN:
SF:/Users/jcrugzz/github/nodejitsu/node-http-proxy/lib/http-proxy/common.js
FN:33,(anonymous_0)
FN:39,(anonymous_1)
FN:125,(anonymous_2)
FN:143,(anonymous_3)
FN:160,(anonymous_4)
FN:172,(anonymous_5)
FN:213,rewriteCookieProperty
FN:215,(anonymous_7)
FN:219,(anonymous_8)
FN:246,hasPort
FNDA:0,(anonymous_3)
FNDA:0,(anonymous_5)
FNDA:0,(anonymous_7)
FNDA:0,(anonymous_4)
FNDA:0,(anonymous_0)
FNDA:0,(anonymous_1)
FNDA:0,(anonymous_2)
FNDA:0,hasPort
FNDA:0,(anonymous_8)
FNDA:0,rewriteCookieProperty
FNF:10
FNH:0
DA:1,1
DA:2,1
DA:3,1
DA:4,1
DA:6,1
DA:7,1
DA:12,1
DA:33,1
DA:34,0
DA:37,0
DA:39,0
DA:42,0
DA:43,0
DA:45,0
DA:46,0
DA:49,0
DA:50,0
DA:53,0
DA:54,0
DA:57,0
DA:58,0
DA:62,0
DA:63,0
DA:69,0
DA:70,0
DA:71,0
DA:73,0
DA:78,0
DA:79,0
DA:86,0
DA:95,0
DA:97,0
DA:99,0
DA:100,0
DA:105,0
DA:125,1
DA:126,0
DA:127,0
DA:129,0
DA:131,0
DA:143,1
DA:144,0
DA:146,0
DA:160,1
DA:161,0
DA:172,1
DA:176,0
DA:177,0
DA:178,0
DA:179,0
DA:182,0
DA:188,0
DA:199,0
DA:201,0
DA:213,1
DA:214,0
DA:215,0
DA:216,0
DA:219,0
DA:221,0
DA:222,0
DA:223,0
DA:224,0
DA:227,0
DA:229,0
DA:231,0
DA:234,0
DA:247,0
LF:68
LH:13
end_of_record
TN:
SF:/Users/jcrugzz/github/nodejitsu/node-http-proxy/lib/http-proxy/index.js
FN:28,createRightProxy
FN:30,(anonymous_1)
FN:31,(anonymous_2)
FN:63,(anonymous_3)
FN:90,ProxyServer
FN:100,(anonymous_5)
FN:104,(anonymous_6)
FN:114,(anonymous_7)
FN:124,(anonymous_8)
FN:126,(anonymous_9)
FN:133,(anonymous_10)
FN:141,(anonymous_11)
FN:148,done
FN:156,(anonymous_13)
FN:163,(anonymous_14)
FN:171,(anonymous_15)
FN:178,(anonymous_16)
FNDA:0,(anonymous_6)
FNDA:0,ProxyServer
FNDA:0,(anonymous_11)
FNDA:0,(anonymous_2)
FNDA:0,createRightProxy
FNDA:0,(anonymous_3)
FNDA:0,done
FNDA:0,(anonymous_10)
FNDA:0,(anonymous_8)
FNDA:0,(anonymous_1)
FNDA:0,(anonymous_14)
FNDA:0,(anonymous_15)
FNDA:0,(anonymous_16)
FNDA:0,(anonymous_13)
FNDA:0,(anonymous_9)
FNDA:0,(anonymous_7)
FNDA:0,(anonymous_5)
FNF:17
FNH:0
DA:1,1
DA:2,1
DA:3,1
DA:4,1
DA:5,1
DA:6,1
DA:7,1
DA:8,1
DA:10,1
DA:30,0
DA:31,0
DA:32,0
DA:33,0
DA:34,0
DA:38,0
DA:39,0
DA:41,0
DA:44,0
DA:45,0
DA:50,0
DA:52,0
DA:54,0
DA:57,0
DA:58,0
DA:63,0
DA:64,0
DA:65,0
DA:68,0
DA:69,0
DA:72,0
DA:81,0
DA:82,0
DA:88,1
DA:91,0
DA:93,0
DA:94,0
DA:96,0
DA:97,0
DA:98,0
DA:100,0
DA:101,0
DA:104,0
DA:105,0
DA:108,0
DA:112,1
DA:114,1
DA:119,0
DA:120,0
DA:124,1
DA:125,0
DA:126,0
DA:128,0
DA:132,0
DA:133,0
DA:136,0
DA:138,0
DA:141,1
DA:142,0
DA:143,0
DA:144,0
DA:149,0
DA:150,0
DA:151,0
DA:156,1
DA:157,0
DA:158,0
DA:160,0
DA:161,0
DA:163,0
DA:164,0
DA:167,0
DA:169,0
DA:171,1
DA:172,0
DA:173,0
DA:175,0
DA:176,0
DA:178,0
DA:179,0
DA:182,0
DA:184,0
LF:81
LH:16
end_of_record
TN:
SF:/Users/jcrugzz/github/nodejitsu/node-http-proxy/lib/http-proxy/passes/web-incoming.js
FN:7,(anonymous_0)
FN:34,deleteLength
FN:52,timeout
FN:68,XHeaders
FN:78,(anonymous_4)
FN:100,stream
FN:131,(anonymous_6)
FN:138,(anonymous_7)
FN:144,(anonymous_8)
FN:153,createErrorHandler
FN:154,proxyError
FN:170,(anonymous_11)
FN:181,(anonymous_12)
FNDA:0,(anonymous_4)
FNDA:0,XHeaders
FNDA:0,(anonymous_7)
FNDA:0,stream
FNDA:0,(anonymous_12)
FNDA:0,(anonymous_6)
FNDA:0,proxyError
FNDA:0,timeout
FNDA:0,deleteLength
FNDA:0,(anonymous_8)
FNDA:0,createErrorHandler
FNDA:5,(anonymous_0)
FNDA:0,(anonymous_11)
FNF:13
FNH:1
DA:1,1
DA:2,1
DA:3,1
DA:4,1
DA:5,1
DA:7,1
DA:8,5
DA:11,1
DA:22,1
DA:35,0
DA:37,0
DA:38,0
DA:53,0
DA:54,0
DA:69,0
DA:71,0
DA:72,0
DA:78,0
DA:79,0
DA:85,0
DA:103,0
DA:105,0
DA:106,0
DA:107,0
DA:109,0
DA:111,0
DA:117,0
DA:118,0
DA:119,0
DA:121,0
DA:122,0
DA:126,0
DA:131,0
DA:132,0
DA:137,0
DA:138,0
DA:139,0
DA:144,0
DA:145,0
DA:149,0
DA:150,0
DA:151,0
DA:154,0
DA:155,0
DA:156,0
DA:157,0
DA:160,0
DA:161,0
DA:163,0
DA:168,0
DA:170,0
DA:171,0
DA:173,0
DA:174,0
DA:175,0
DA:179,0
DA:181,0
DA:182,0
DA:185,0
DA:187,0
LF:60
LH:9
end_of_record
TN:
SF:/Users/jcrugzz/github/nodejitsu/node-http-proxy/lib/http-proxy/passes/web-outgoing.js
FN:26,removeChunked
FN:42,setConnection
FN:50,setRedirectHostRewrite
FN:85,writeHeaders
FN:90,(anonymous_4)
FN:119,(anonymous_5)
FN:137,writeStatusCode
FNDA:0,writeHeaders
FNDA:0,setConnection
FNDA:1,setRedirectHostRewrite
FNDA:1,removeChunked
FNDA:0,(anonymous_5)
FNDA:0,(anonymous_4)
FNDA:0,writeStatusCode
FNF:7
FNH:2
DA:1,1
DA:2,1
DA:5,1
DA:15,1
DA:27,1
DA:28,1
DA:43,0
DA:44,0
DA:45,0
DA:46,0
DA:51,1
DA:54,1
DA:55,1
DA:58,1
DA:59,1
DA:62,0
DA:63,0
DA:64,0
DA:65,0
DA:67,0
DA:68,0
DA:70,0
DA:71,0
DA:86,0
DA:87,0
DA:88,0
DA:90,0
DA:91,0
DA:92,0
DA:93,0
DA:95,0
DA:96,0
DA:98,0
DA:101,0
DA:102,0
DA:105,0
DA:106,0
DA:111,0
DA:112,0
DA:113,0
DA:114,0
DA:115,0
DA:119,0
DA:120,0
DA:121,0
DA:122,0
DA:124,0
DA:139,0
DA:140,0
DA:141,0
DA:143,0
LF:51
LH:11
end_of_record
TN:
SF:/Users/jcrugzz/github/nodejitsu/node-http-proxy/lib/http-proxy/passes/ws-incoming.js
FN:30,checkMethodAndHeader
FN:52,XHeaders
FN:61,(anonymous_2)
FN:79,stream
FN:81,(anonymous_4)
FN:82,(anonymous_5)
FN:112,(anonymous_6)
FN:120,(anonymous_7)
FN:124,(anonymous_8)
FN:131,(anonymous_9)
FN:153,onOutgoingError
FNDA:0,(anonymous_4)
FNDA:0,(anonymous_7)
FNDA:0,(anonymous_5)
FNDA:0,stream
FNDA:0,(anonymous_9)
FNDA:0,XHeaders
FNDA:0,checkMethodAndHeader
FNDA:0,(anonymous_8)
FNDA:0,(anonymous_6)
FNDA:0,(anonymous_2)
FNDA:0,onOutgoingError
FNF:11
FNH:0
DA:1,1
DA:2,1
DA:3,1
DA:19,1
DA:31,0
DA:32,0
DA:33,0
DA:36,0
DA:37,0
DA:38,0
DA:53,0
DA:55,0
DA:61,0
DA:62,0
DA:81,0
DA:82,0
DA:83,0
DA:85,0
DA:86,0
DA:87,0
DA:90,0
DA:91,0
DA:93,0
DA:98,0
DA:100,0
DA:103,0
DA:108,0
DA:111,0
DA:112,0
DA:114,0
DA:115,0
DA:116,0
DA:120,0
DA:121,0
DA:124,0
DA:125,0
DA:131,0
DA:132,0
DA:135,0
DA:137,0
DA:143,0
DA:145,0
DA:147,0
DA:148,0
DA:151,0
DA:154,0
DA:155,0
DA:157,0
DA:159,0
LF:49
LH:4
end_of_record
TN:
SF:/Users/jonsakas/Development/cssstyle/lib/CSSStyleDeclaration.js
FN:17,CSSStyleDeclaration
FN:23,(anonymous_1)
FN:37,(anonymous_2)
FN:51,(anonymous_3)
FN:67,(anonymous_4)
FN:99,(anonymous_5)
FN:127,(anonymous_6)
FN:131,(anonymous_7)
FN:141,(anonymous_8)
FN:146,(anonymous_9)
FN:154,(anonymous_10)
FN:165,(anonymous_11)
FN:182,(anonymous_12)
FN:210,(anonymous_13)
FN:217,(anonymous_14)
FN:225,(anonymous_15)
FN:239,(anonymous_16)
FN:247,(anonymous_17)
FNDA:362,(anonymous_6)
FNDA:651,(anonymous_2)
FNDA:239,(anonymous_17)
FNDA:314,(anonymous_11)
FNDA:2,(anonymous_10)
FNDA:43,CSSStyleDeclaration
FNDA:28,(anonymous_3)
FNDA:0,(anonymous_8)
FNDA:417,(anonymous_14)
FNDA:265,(anonymous_1)
FNDA:0,(anonymous_13)
FNDA:91,(anonymous_15)
FNDA:486,(anonymous_16)
FNDA:218,(anonymous_4)
FNDA:523,(anonymous_5)
FNDA:0,(anonymous_7)
FNDA:7,(anonymous_12)
FNDA:0,(anonymous_9)
FNF:18
FNH:14
DA:6,1
DA:7,1
DA:8,1
DA:9,1
DA:10,1
DA:11,1
DA:17,1
DA:18,43
DA:19,43
DA:20,43
DA:21,43
DA:24,265
DA:27,1
DA:38,651
DA:39,87
DA:41,564
DA:52,28
DA:53,0
DA:55,28
DA:56,0
DA:57,0
DA:59,28
DA:60,28
DA:61,1
DA:64,27
DA:65,27
DA:68,218
DA:69,6
DA:71,212
DA:72,35
DA:73,35
DA:75,177
DA:77,65
DA:78,65
DA:79,15
DA:80,15
DA:84,112
DA:85,112
DA:87,177
DA:88,177
DA:89,177
DA:100,523
DA:101,274
DA:104,249
DA:105,249
DA:106,249
DA:108,249
DA:109,249
DA:110,165
DA:114,84
DA:119,84
DA:120,84
DA:128,362
DA:133,0
DA:143,0
DA:148,0
DA:155,2
DA:156,2
DA:157,0
DA:159,2
DA:163,1
DA:166,314
DA:171,314
DA:172,362
DA:173,362
DA:174,362
DA:175,362
DA:176,0
DA:178,362
DA:180,314
DA:184,7
DA:185,7
DA:186,7
DA:188,7
DA:189,7
DA:192,2
DA:194,5
DA:196,5
DA:197,7
DA:198,7
DA:204,5
DA:211,0
DA:218,417
DA:227,91
DA:228,90
DA:230,91
DA:237,1
DA:239,1
DA:240,486
DA:241,422
DA:242,422
DA:243,422
DA:247,1
DA:248,239
DA:249,224
DA:250,224
DA:251,224
DA:255,1
LF:98
LH:89
end_of_record
TN:
SF:/Users/jonsakas/Development/cssstyle/lib/allExtraProperties.js
FNF:0
FNH:0
DA:8,1
DA:9,1
DA:10,1
DA:11,1
DA:12,1
DA:13,1
DA:14,1
DA:15,1
DA:16,1
DA:17,1
DA:18,1
DA:19,1
DA:20,1
DA:21,1
DA:22,1
DA:23,1
DA:24,1
DA:25,1
DA:26,1
DA:27,1
DA:28,1
DA:29,1
DA:30,1
DA:31,1
DA:32,1
DA:33,1
DA:34,1
DA:35,1
DA:36,1
DA:37,1
DA:38,1
DA:39,1
DA:40,1
DA:41,1
DA:42,1
DA:43,1
DA:44,1
DA:45,1
DA:46,1
DA:47,1
DA:48,1
DA:49,1
DA:50,1
DA:51,1
DA:52,1
DA:53,1
DA:54,1
DA:55,1
DA:56,1
DA:57,1
DA:58,1
DA:59,1
DA:60,1
DA:61,1
DA:62,1
DA:63,1
DA:64,1
DA:65,1
DA:66,1
DA:67,1
DA:68,1
DA:69,1
DA:70,1
DA:71,1
DA:72,1
DA:73,1
DA:74,1
DA:75,1
DA:76,1
DA:77,1
DA:78,1
DA:79,1
DA:80,1
DA:81,1
DA:82,1
DA:83,1
DA:84,1
DA:85,1
DA:86,1
DA:87,1
DA:88,1
DA:89,1
DA:90,1
DA:91,1
DA:92,1
DA:93,1
DA:94,1
DA:95,1
DA:96,1
DA:97,1
DA:98,1
DA:99,1
DA:100,1
DA:101,1
DA:102,1
DA:103,1
DA:104,1
DA:105,1
DA:106,1
DA:107,1
DA:108,1
DA:109,1
DA:110,1
DA:111,1
DA:112,1
DA:113,1
DA:114,1
DA:115,1
DA:116,1
DA:117,1
DA:118,1
DA:119,1
DA:120,1
DA:121,1
DA:122,1
DA:123,1
DA:124,1
DA:125,1
DA:126,1
DA:127,1
DA:128,1
DA:129,1
DA:130,1
DA:131,1
DA:132,1
DA:133,1
DA:134,1
DA:135,1
DA:136,1
DA:137,1
DA:138,1
DA:139,1
DA:140,1
DA:141,1
DA:142,1
DA:143,1
DA:144,1
DA:145,1
DA:146,1
DA:147,1
DA:148,1
DA:149,1
DA:150,1
DA:151,1
DA:152,1
DA:153,1
DA:154,1
DA:155,1
DA:156,1
DA:157,1
DA:158,1
DA:159,1
DA:160,1
DA:161,1
DA:162,1
DA:163,1
DA:164,1
DA:165,1
DA:166,1
DA:167,1
DA:168,1
DA:169,1
DA:170,1
DA:171,1
DA:172,1
DA:173,1
DA:174,1
DA:175,1
DA:176,1
DA:177,1
DA:178,1
DA:179,1
DA:180,1
DA:181,1
DA:182,1
DA:183,1
DA:184,1
DA:185,1
DA:186,1
DA:187,1
DA:188,1
DA:189,1
DA:190,1
DA:191,1
DA:192,1
DA:193,1
DA:194,1
DA:195,1
DA:196,1
DA:197,1
DA:198,1
DA:199,1
DA:200,1
DA:201,1
DA:202,1
DA:203,1
DA:204,1
DA:205,1
DA:206,1
DA:207,1
DA:208,1
DA:209,1
DA:210,1
DA:211,1
DA:212,1
DA:213,1
DA:214,1
DA:215,1
DA:216,1
DA:217,1
DA:218,1
DA:219,1
DA:220,1
DA:221,1
DA:222,1
DA:223,1
DA:224,1
DA:225,1
DA:226,1
DA:227,1
DA:228,1
DA:229,1
DA:230,1
DA:231,1
DA:232,1
DA:233,1
DA:234,1
DA:235,1
DA:236,1
DA:237,1
DA:238,1
DA:239,1
DA:240,1
DA:241,1
DA:242,1
DA:243,1
DA:244,1
DA:245,1
DA:246,1
DA:247,1
DA:248,1
LF:241
LH:241
end_of_record
TN:
SF:/Users/jonsakas/Development/cssstyle/lib/allProperties.js
FNF:0
FNH:0
DA:10,1
DA:11,1
DA:12,1
DA:13,1
DA:14,1
DA:15,1
DA:16,1
DA:17,1
DA:18,1
DA:19,1
DA:20,1
DA:21,1
DA:22,1
DA:23,1
DA:24,1
DA:25,1
DA:26,1
DA:27,1
DA:28,1
DA:29,1
DA:30,1
DA:31,1
DA:32,1
DA:33,1
DA:34,1
DA:35,1
DA:36,1
DA:37,1
DA:38,1
DA:39,1
DA:40,1
DA:41,1
DA:42,1
DA:43,1
DA:44,1
DA:45,1
DA:46,1
DA:47,1
DA:48,1
DA:49,1
DA:50,1
DA:51,1
DA:52,1
DA:53,1
DA:54,1
DA:55,1
DA:56,1
DA:57,1
DA:58,1
DA:59,1
DA:60,1
DA:61,1
DA:62,1
DA:63,1
DA:64,1
DA:65,1
DA:66,1
DA:67,1
DA:68,1
DA:69,1
DA:70,1
DA:71,1
DA:72,1
DA:73,1
DA:74,1
DA:75,1
DA:76,1
DA:77,1
DA:78,1
DA:79,1
DA:80,1
DA:81,1
DA:82,1
DA:83,1
DA:84,1
DA:85,1
DA:86,1
DA:87,1
DA:88,1
DA:89,1
DA:90,1
DA:91,1
DA:92,1
DA:93,1
DA:94,1
DA:95,1
DA:96,1
DA:97,1
DA:98,1
DA:99,1
DA:100,1
DA:101,1
DA:102,1
DA:103,1
DA:104,1
DA:105,1
DA:106,1
DA:107,1
DA:108,1
DA:109,1
DA:110,1
DA:111,1
DA:112,1
DA:113,1
DA:114,1
DA:115,1
DA:116,1
DA:117,1
DA:118,1
DA:119,1
DA:120,1
DA:121,1
DA:122,1
DA:123,1
DA:124,1
DA:125,1
DA:126,1
DA:127,1
DA:128,1
DA:129,1
DA:130,1
DA:131,1
DA:132,1
DA:133,1
DA:134,1
DA:135,1
DA:136,1
DA:137,1
DA:138,1
DA:139,1
DA:140,1
DA:141,1
DA:142,1
DA:143,1
DA:144,1
DA:145,1
DA:146,1
DA:147,1
DA:148,1
DA:149,1
DA:150,1
DA:151,1
DA:152,1
DA:153,1
DA:154,1
DA:155,1
DA:156,1
DA:157,1
DA:158,1
DA:159,1
DA:160,1
DA:161,1
DA:162,1
DA:163,1
DA:164,1
DA:165,1
DA:166,1
DA:167,1
DA:168,1
DA:169,1
DA:170,1
DA:171,1
DA:172,1
DA:173,1
DA:174,1
DA:175,1
DA:176,1
DA:177,1
DA:178,1
DA:179,1
DA:180,1
DA:181,1
DA:182,1
DA:183,1
DA:184,1
DA:185,1
DA:186,1
DA:187,1
DA:188,1
DA:189,1
DA:190,1
DA:191,1
DA:192,1
DA:193,1
DA:194,1
DA:195,1
DA:196,1
DA:197,1
DA:198,1
DA:199,1
DA:200,1
DA:201,1
DA:202,1
DA:203,1
DA:204,1
DA:205,1
DA:206,1
DA:207,1
DA:208,1
DA:209,1
DA:210,1
DA:211,1
DA:212,1
DA:213,1
DA:214,1
DA:215,1
DA:216,1
DA:217,1
DA:218,1
DA:219,1
DA:220,1
DA:221,1
DA:222,1
DA:223,1
DA:224,1
DA:225,1
DA:226,1
DA:227,1
DA:228,1
DA:229,1
DA:230,1
DA:231,1
DA:232,1
DA:233,1
DA:234,1
DA:235,1
DA:236,1
DA:237,1
DA:238,1
DA:239,1
DA:240,1
DA:241,1
DA:242,1
DA:243,1
DA:244,1
DA:245,1
DA:246,1
DA:247,1
DA:248,1
DA:249,1
DA:250,1
DA:251,1
DA:252,1
DA:253,1
DA:254,1
DA:255,1
DA:256,1
DA:257,1
DA:258,1
DA:259,1
DA:260,1
DA:261,1
DA:262,1
DA:263,1
DA:264,1
DA:265,1
DA:266,1
DA:267,1
DA:268,1
DA:269,1
DA:270,1
DA:271,1
DA:272,1
DA:273,1
DA:274,1
DA:275,1
DA:276,1
DA:277,1
DA:278,1
DA:279,1
DA:280,1
DA:281,1
DA:282,1
DA:283,1
DA:284,1
DA:285,1
DA:286,1
DA:287,1
DA:288,1
DA:289,1
DA:290,1
DA:291,1
DA:292,1
DA:293,1
DA:294,1
DA:295,1
DA:296,1
DA:297,1
DA:298,1
DA:299,1
DA:300,1
DA:301,1
DA:302,1
DA:303,1
DA:304,1
DA:305,1
DA:306,1
DA:307,1
DA:308,1
DA:309,1
DA:310,1
DA:311,1
DA:312,1
DA:313,1
DA:314,1
DA:315,1
DA:316,1
DA:317,1
DA:318,1
DA:319,1
DA:320,1
DA:321,1
DA:322,1
DA:323,1
DA:324,1
DA:325,1
DA:326,1
DA:327,1
DA:328,1
DA:329,1
DA:330,1
DA:331,1
DA:332,1
DA:333,1
DA:334,1
DA:335,1
DA:336,1
DA:337,1
DA:338,1
DA:339,1
DA:340,1
DA:341,1
DA:342,1
DA:343,1
DA:344,1
DA:345,1
DA:346,1
DA:347,1
DA:348,1
DA:349,1
DA:350,1
DA:351,1
DA:352,1
DA:353,1
DA:354,1
DA:355,1
DA:356,1
DA:357,1
DA:358,1
DA:359,1
DA:360,1
DA:361,1
DA:362,1
DA:363,1
DA:364,1
DA:365,1
DA:366,1
DA:367,1
DA:368,1
DA:369,1
DA:370,1
DA:371,1
DA:372,1
DA:373,1
DA:374,1
DA:375,1
DA:376,1
DA:377,1
DA:378,1
DA:379,1
DA:380,1
DA:381,1
DA:382,1
DA:383,1
DA:384,1
DA:385,1
DA:386,1
DA:387,1
DA:388,1
DA:389,1
DA:390,1
DA:391,1
DA:392,1
DA:393,1
DA:394,1
DA:395,1
DA:396,1
DA:397,1
DA:398,1
DA:399,1
DA:400,1
DA:401,1
DA:402,1
DA:403,1
DA:404,1
DA:405,1
DA:406,1
DA:407,1
DA:408,1
DA:409,1
DA:410,1
DA:411,1
DA:412,1
DA:413,1
DA:414,1
DA:415,1
DA:416,1
DA:417,1
DA:418,1
DA:419,1
DA:420,1
DA:421,1
DA:422,1
DA:423,1
DA:424,1
DA:425,1
DA:426,1
DA:427,1
DA:428,1
DA:429,1
DA:430,1
DA:431,1
DA:432,1
DA:433,1
DA:434,1
DA:435,1
DA:436,1
DA:437,1
DA:438,1
DA:439,1
DA:440,1
DA:441,1
DA:442,1
DA:443,1
DA:444,1
DA:445,1
DA:446,1
DA:447,1
DA:448,1
DA:449,1
DA:450,1
DA:451,1
DA:452,1
DA:453,1
DA:454,1
DA:455,1
DA:456,1
DA:457,1
DA:458,1
DA:459,1
DA:460,1
DA:461,1
DA:462,1
DA:463,1
DA:464,1
DA:465,1
DA:466,1
DA:467,1
DA:468,1
DA:469,1
DA:470,1
DA:471,1
DA:472,1
DA:473,1
DA:474,1
DA:475,1
DA:476,1
DA:477,1
DA:478,1
DA:479,1
DA:480,1
DA:481,1
DA:482,1
DA:483,1
DA:484,1
DA:485,1
DA:486,1
DA:487,1
DA:488,1
DA:489,1
DA:490,1
DA:491,1
DA:492,1
DA:493,1
DA:494,1
DA:495,1
DA:496,1
DA:497,1
LF:488
LH:488
end_of_record
TN:
SF:/Users/jonsakas/Development/cssstyle/lib/constants.js
FNF:0
FNH:0
DA:3,1
LF:1
LH:1
end_of_record
TN:
SF:/Users/jonsakas/Development/cssstyle/lib/parsers.js
FN:36,valueType
FN:151,parseInteger
FN:162,parseNumber
FN:173,parseLength
FN:187,parsePercent
FN:202,parseMeasurement
FN:210,parseUrl
FN:249,parseString
FN:276,parseColor
FN:393,parseAngle
FN:418,parseKeyword
FN:437,(anonymous_11)
FN:457,(anonymous_12)
FN:506,parse
FN:510,(anonymous_14)
FN:529,(anonymous_15)
FN:531,(anonymous_16)
FN:545,(anonymous_17)
FN:546,(anonymous_18)
FN:552,(anonymous_19)
FN:565,(anonymous_20)
FN:583,(anonymous_21)
FN:584,(anonymous_22)
FN:589,(anonymous_23)
FN:592,(anonymous_24)
FN:604,(anonymous_25)
FN:611,(anonymous_26)
FN:632,(anonymous_27)
FN:663,(anonymous_28)
FN:667,(anonymous_29)
FN:700,(anonymous_30)
FNDA:67,(anonymous_26)
FNDA:177,parseLength
FNDA:125,parseMeasurement
FNDA:26,parseColor
FNDA:22,(anonymous_29)
FNDA:20,(anonymous_14)
FNDA:115,(anonymous_27)
FNDA:0,parseInteger
FNDA:80,(anonymous_24)
FNDA:11,parseUrl
FNDA:15,parsePercent
FNDA:37,(anonymous_15)
FNDA:80,(anonymous_23)
FNDA:133,(anonymous_16)
FNDA:23,(anonymous_18)
FNDA:7,(anonymous_25)
FNDA:57,(anonymous_12)
FNDA:80,(anonymous_20)
FNDA:0,parseAngle
FNDA:8,(anonymous_17)
FNDA:1506,(anonymous_11)
FNDA:26,(anonymous_22)
FNDA:56,(anonymous_19)
FNDA:31,(anonymous_21)
FNDA:0,parseString
FNDA:430,valueType
FNDA:34,parseNumber
FNDA:24,parse
FNDA:8,(anonymous_28)
FNDA:0,(anonymous_30)
FNDA:5,parseKeyword
FNF:31
FNH:27
DA:7,2
DA:9,2
DA:23,2
DA:24,2
DA:25,2
DA:26,2
DA:27,2
DA:28,2
DA:29,2
DA:30,2
DA:31,2
DA:32,2
DA:33,2
DA:36,2
DA:37,430
DA:38,24
DA:40,406
DA:41,9
DA:44,406
DA:45,0
DA:48,406
DA:49,42
DA:51,364
DA:52,2
DA:54,362
DA:55,216
DA:57,146
DA:58,23
DA:60,123
DA:61,17
DA:63,106
DA:64,0
DA:66,106
DA:67,0
DA:69,106
DA:70,4
DA:72,102
DA:74,102
DA:75,9
DA:76,9
DA:77,0
DA:79,9
DA:83,9
DA:85,0
DA:87,93
DA:88,93
DA:89,5
DA:90,5
DA:91,0
DA:93,5
DA:97,4
DA:98,4
DA:101,1
DA:104,88
DA:105,2
DA:109,86
DA:111,86
DA:112,43
DA:115,43
DA:145,0
DA:147,43
DA:151,2
DA:152,0
DA:153,0
DA:154,0
DA:156,0
DA:157,0
DA:159,0
DA:162,2
DA:163,34
DA:164,34
DA:165,0
DA:167,34
DA:168,6
DA:170,28
DA:173,2
DA:174,177
DA:175,17
DA:177,160
DA:178,160
DA:179,14
DA:181,146
DA:182,27
DA:184,119
DA:187,2
DA:188,15
DA:189,0
DA:191,15
DA:192,15
DA:193,0
DA:195,15
DA:196,6
DA:198,9
DA:202,2
DA:203,125
DA:204,125
DA:205,110
DA:207,15
DA:210,2
DA:211,11
DA:212,11
DA:213,1
DA:215,10
DA:217,10
DA:218,3
DA:220,7
DA:222,7
DA:223,0
DA:225,7
DA:226,2
DA:230,7
DA:231,193
DA:239,0
DA:241,0
DA:242,0
DA:246,7
DA:249,2
DA:250,0
DA:251,0
DA:252,0
DA:254,0
DA:255,0
DA:258,0
DA:259,0
DA:261,0
DA:263,0
DA:264,0
DA:265,0
DA:267,0
DA:270,0
DA:271,0
DA:273,0
DA:276,2
DA:277,26
DA:278,26
DA:279,1
DA:287,25
DA:289,25
DA:291,25
DA:292,3
DA:293,3
DA:294,3
DA:295,1
DA:297,1
DA:298,1
DA:301,3
DA:302,3
DA:303,3
DA:304,3
DA:305,3
DA:306,3
DA:308,3
DA:310,0
DA:313,22
DA:314,22
DA:315,3
DA:316,3
DA:317,0
DA:319,3
DA:320,1
DA:321,1
DA:322,1
DA:323,2
DA:324,2
DA:325,2
DA:326,2
DA:328,0
DA:330,3
DA:331,3
DA:332,3
DA:333,3
DA:336,19
DA:337,19
DA:338,3
DA:339,3
DA:340,0
DA:342,3
DA:343,1
DA:344,1
DA:345,1
DA:346,1
DA:347,2
DA:348,2
DA:349,2
DA:350,2
DA:351,2
DA:353,0
DA:355,3
DA:356,0
DA:358,3
DA:359,3
DA:360,3
DA:361,3
DA:362,3
DA:363,1
DA:365,2
DA:368,16
DA:369,16
DA:370,2
DA:371,2
DA:372,2
DA:373,0
DA:375,2
DA:376,2
DA:377,2
DA:378,2
DA:379,1
DA:381,2
DA:382,1
DA:384,1
DA:387,14
DA:388,12
DA:390,2
DA:393,2
DA:394,0
DA:395,0
DA:396,0
DA:398,0
DA:399,0
DA:401,0
DA:402,0
DA:403,0
DA:404,0
DA:405,0
DA:406,0
DA:409,0
DA:410,0
DA:412,0
DA:413,0
DA:415,0
DA:418,2
DA:419,5
DA:420,5
DA:421,0
DA:423,5
DA:424,0
DA:426,5
DA:428,5
DA:429,15
DA:430,4
DA:433,1
DA:437,2
DA:439,1506
DA:440,1506
DA:441,1506
DA:442,24575
DA:443,22126
DA:444,22126
DA:446,2449
DA:449,1506
DA:451,2
DA:453,2
DA:454,2
DA:455,2
DA:457,2
DA:458,57
DA:459,57
DA:461,57
DA:462,57
DA:465,57
DA:466,547
DA:467,547
DA:468,547
DA:469,76
DA:470,74
DA:471,68
DA:473,74
DA:475,2
DA:478,471
DA:479,0
DA:480,0
DA:482,471
DA:483,471
DA:487,3
DA:488,468
DA:489,3
DA:494,57
DA:495,56
DA:497,57
DA:506,2
DA:507,24
DA:508,24
DA:509,24
DA:510,6
DA:511,20
DA:513,6
DA:516,18
DA:517,1
DA:520,18
DA:521,0
DA:524,18
DA:525,0
DA:527,18
DA:528,18
DA:529,18
DA:530,37
DA:531,37
DA:532,133
DA:533,42
DA:534,42
DA:537,37
DA:539,18
DA:540,0
DA:542,18
DA:545,2
DA:546,8
DA:547,23
DA:548,23
DA:549,0
DA:552,23
DA:555,56
DA:556,56
DA:558,56
DA:559,56
DA:561,56
DA:562,34
DA:565,23
DA:566,80
DA:567,24
DA:568,24
DA:575,23
DA:576,23
DA:577,23
DA:578,15
DA:583,2
DA:584,31
DA:585,26
DA:586,3
DA:588,23
DA:590,80
DA:593,80
DA:604,2
DA:605,7
DA:606,7
DA:607,3
DA:609,7
DA:611,7
DA:612,67
DA:613,1
DA:615,67
DA:616,0
DA:619,67
DA:620,28
DA:622,39
DA:624,67
DA:625,0
DA:628,67
DA:629,0
DA:632,67
DA:633,115
DA:635,67
DA:636,67
DA:637,49
DA:639,67
DA:640,51
DA:642,67
DA:643,53
DA:646,67
DA:647,268
DA:648,268
DA:649,268
DA:650,156
DA:653,67
DA:663,2
DA:664,8
DA:665,8
DA:667,8
DA:668,22
DA:669,0
DA:671,22
DA:672,0
DA:674,22
DA:675,0
DA:677,22
DA:678,22
DA:679,22
DA:680,22
DA:681,70
DA:682,6
DA:684,64
DA:686,22
DA:687,16
DA:688,64
DA:689,64
DA:691,16
DA:693,22
DA:697,2
DA:698,2
DA:699,2
DA:700,2
DA:702,0
DA:703,0
DA:704,0
DA:705,0
DA:707,0
LF:395
LH:318
end_of_record
TN:
SF:/Users/jonsakas/Development/cssstyle/lib/properties/azimuth.js
FN:6,(anonymous_0)
FN:62,(anonymous_1)
FNDA:0,(anonymous_0)
FNDA:0,(anonymous_1)
FNF:2
FNH:0
DA:3,0
DA:5,0
DA:7,0
DA:8,0
DA:9,0
DA:11,0
DA:12,0
DA:16,0
DA:17,0
DA:18,0
DA:20,0
DA:21,0
DA:23,0
DA:24,0
DA:25,0
DA:27,0
DA:29,0
DA:30,0
DA:31,0
DA:33,0
DA:35,0
DA:36,0
DA:38,0
DA:40,0
DA:42,0
DA:44,0
DA:46,0
DA:48,0
DA:50,0
DA:52,0
DA:54,0
DA:56,0
DA:58,0
DA:63,0
LF:34
LH:0
end_of_record
TN:
SF:/Users/jonsakas/Development/cssstyle/lib/properties/background.js
FNF:0
FNH:0
DA:3,0
DA:4,0
DA:6,0
DA:14,0
LF:4
LH:0
end_of_record
TN:
SF:/Users/jonsakas/Development/cssstyle/lib/properties/backgroundAttachment.js
FN:5,isValid
FN:13,(anonymous_1)
FN:19,(anonymous_2)
FNDA:0,isValid
FNDA:0,(anonymous_2)
FNDA:0,(anonymous_1)
FNF:3
FNH:0
DA:3,0
DA:5,0
DA:6,0
DA:12,0
DA:14,0
DA:15,0
DA:17,0
DA:20,0
LF:8
LH:0
end_of_record
TN:
SF:/Users/jonsakas/Development/cssstyle/lib/properties/backgroundColor.js
FN:5,parse
FN:19,isValid
FN:24,(anonymous_2)
FN:31,(anonymous_3)
FNDA:0,parse
FNDA:0,isValid
FNDA:0,(anonymous_2)
FNDA:0,(anonymous_3)
FNF:4
FNH:0
DA:3,0
DA:5,0
DA:6,0
DA:7,0
DA:8,0
DA:10,0
DA:14,0
DA:16,0
DA:19,0
DA:20,0
DA:23,0
DA:25,0
DA:26,0
DA:27,0
DA:29,0
DA:32,0
LF:16
LH:0
end_of_record
TN:
SF:/Users/jonsakas/Development/cssstyle/lib/properties/backgroundImage.js
FN:5,parse
FN:19,isValid
FN:24,(anonymous_2)
FN:27,(anonymous_3)
FNDA:0,isValid
FNDA:0,parse
FNDA:0,(anonymous_3)
FNDA:0,(anonymous_2)
FNF:4
FNH:0
DA:3,0
DA:5,0
DA:6,0
DA:7,0
DA:8,0
DA:10,0
DA:14,0
DA:16,0
DA:19,0
DA:20,0
DA:23,0
DA:25,0
DA:28,0
LF:13
LH:0
end_of_record
TN:
SF:/Users/jonsakas/Development/cssstyle/lib/properties/backgroundPosition.js
FN:7,parse
FN:16,(anonymous_1)
FN:45,isValid
FN:50,(anonymous_3)
FN:53,(anonymous_4)
FNDA:0,(anonymous_4)
FNDA:0,(anonymous_1)
FNDA:0,(anonymous_3)
FNDA:0,parse
FNDA:0,isValid
FNF:5
FNH:0
DA:3,0
DA:5,0
DA:7,0
DA:8,0
DA:9,0
DA:11,0
DA:12,0
DA:13,0
DA:15,0
DA:16,0
DA:17,0
DA:19,0
DA:20,0
DA:21,0
DA:23,0
DA:24,0
DA:25,0
DA:28,0
DA:30,0
DA:34,0
DA:36,0
DA:37,0
DA:39,0
DA:40,0
DA:42,0
DA:45,0
DA:46,0
DA:49,0
DA:51,0
DA:54,0
LF:30
LH:0
end_of_record
TN:
SF:/Users/jonsakas/Development/cssstyle/lib/properties/backgroundRepeat.js
FN:5,parse
FN:19,isValid
FN:24,(anonymous_2)
FN:27,(anonymous_3)
FNDA:0,isValid
FNDA:0,parse
FNDA:0,(anonymous_2)
FNDA:0,(anonymous_3)
FNF:4
FNH:0
DA:3,0
DA:5,0
DA:6,0
DA:14,0
DA:16,0
DA:19,0
DA:20,0
DA:23,0
DA:25,0
DA:28,0
LF:10
LH:0
end_of_record
TN:
SF:/Users/jonsakas/Development/cssstyle/lib/properties/border.js
FN:16,(anonymous_0)
FNDA:0,(anonymous_0)
FNF:1
FNH:0
DA:3,0
DA:4,0
DA:6,0
DA:12,0
DA:13,0
DA:15,0
DA:17,0
DA:18,0
DA:20,0
DA:21,0
DA:22,0
DA:23,0
DA:24,0
DA:25,0
DA:26,0
DA:27,0
DA:28,0
LF:17
LH:0
end_of_record
TN:
SF:/Users/jonsakas/Development/cssstyle/lib/properties/borderBottom.js
FNF:0
FNH:0
DA:3,0
DA:4,0
DA:6,0
DA:12,0
LF:4
LH:0
end_of_record
TN:
SF:/Users/jonsakas/Development/cssstyle/lib/properties/borderBottomColor.js
FN:6,(anonymous_0)
FN:11,(anonymous_1)
FNDA:0,(anonymous_1)
FNDA:0,(anonymous_0)
FNF:2
FNH:0
DA:3,0
DA:5,0
DA:7,0
DA:8,0
DA:12,0
LF:5
LH:0
end_of_record
TN:
SF:/Users/jonsakas/Development/cssstyle/lib/properties/borderBottomStyle.js
FN:7,(anonymous_0)
FN:16,(anonymous_1)
FNDA:0,(anonymous_1)
FNDA:0,(anonymous_0)
FNF:2
FNH:0
DA:3,0
DA:4,0
DA:6,0
DA:8,0
DA:9,0
DA:10,0
DA:11,0
DA:13,0
DA:17,0
LF:9
LH:0
end_of_record
TN:
SF:/Users/jonsakas/Development/cssstyle/lib/properties/borderBottomWidth.js
FN:6,(anonymous_0)
FN:11,(anonymous_1)
FNDA:0,(anonymous_0)
FNDA:0,(anonymous_1)
FNF:2
FNH:0
DA:3,0
DA:5,0
DA:7,0
DA:8,0
DA:12,0
LF:5
LH:0
end_of_record
TN:
SF:/Users/jonsakas/Development/cssstyle/lib/properties/borderCollapse.js
FN:5,parse
FN:18,(anonymous_1)
FN:21,(anonymous_2)
FNDA:0,(anonymous_1)
FNDA:0,(anonymous_2)
FNDA:0,parse
FNF:3
FNH:0
DA:3,0
DA:5,0
DA:6,0
DA:12,0
DA:14,0
DA:17,0
DA:19,0
DA:22,0
LF:8
LH:0
end_of_record
TN:
SF:/Users/jonsakas/Development/cssstyle/lib/properties/borderColor.js
FN:6,parse
FN:16,(anonymous_1)
FN:25,(anonymous_2)
FNDA:0,parse
FNDA:0,(anonymous_2)
FNDA:0,(anonymous_1)
FNF:3
FNH:0
DA:3,0
DA:4,0
DA:6,0
DA:7,0
DA:8,0
DA:10,0
DA:14,0
DA:16,0
DA:17,0
DA:18,0
DA:20,0
DA:23,0
DA:26,0
LF:13
LH:0
end_of_record
TN:
SF:/Users/jonsakas/Development/cssstyle/lib/properties/borderLeft.js
FNF:0
FNH:0
DA:3,0
DA:4,0
DA:6,0
DA:12,0
LF:4
LH:0
end_of_record
TN:
SF:/Users/jonsakas/Development/cssstyle/lib/properties/borderLeftColor.js
FN:6,(anonymous_0)
FN:11,(anonymous_1)
FNDA:0,(anonymous_1)
FNDA:0,(anonymous_0)
FNF:2
FNH:0
DA:3,0
DA:5,0
DA:7,0
DA:8,0
DA:12,0
LF:5
LH:0
end_of_record
TN:
SF:/Users/jonsakas/Development/cssstyle/lib/properties/borderLeftStyle.js
FN:7,(anonymous_0)
FN:16,(anonymous_1)
FNDA:0,(anonymous_1)
FNDA:0,(anonymous_0)
FNF:2
FNH:0
DA:3,0
DA:4,0
DA:6,0
DA:8,0
DA:9,0
DA:10,0
DA:11,0
DA:13,0
DA:17,0
LF:9
LH:0
end_of_record
TN:
SF:/Users/jonsakas/Development/cssstyle/lib/properties/borderLeftWidth.js
FN:6,(anonymous_0)
FN:11,(anonymous_1)
FNDA:0,(anonymous_0)
FNDA:0,(anonymous_1)
FNF:2
FNH:0
DA:3,0
DA:5,0
DA:7,0
DA:8,0
DA:12,0
LF:5
LH:0
end_of_record
TN:
SF:/Users/jonsakas/Development/cssstyle/lib/properties/borderRight.js
FNF:0
FNH:0
DA:3,0
DA:4,0
DA:6,0
DA:12,0
LF:4
LH:0
end_of_record
TN:
SF:/Users/jonsakas/Development/cssstyle/lib/properties/borderRightColor.js
FN:6,(anonymous_0)
FN:11,(anonymous_1)
FNDA:0,(anonymous_0)
FNDA:0,(anonymous_1)
FNF:2
FNH:0
DA:3,0
DA:5,0
DA:7,0
DA:8,0
DA:12,0
LF:5
LH:0
end_of_record
TN:
SF:/Users/jonsakas/Development/cssstyle/lib/properties/borderRightStyle.js
FN:7,(anonymous_0)
FN:16,(anonymous_1)
FNDA:0,(anonymous_0)
FNDA:0,(anonymous_1)
FNF:2
FNH:0
DA:3,0
DA:4,0
DA:6,0
DA:8,0
DA:9,0
DA:10,0
DA:11,0
DA:13,0
DA:17,0
LF:9
LH:0
end_of_record
TN:
SF:/Users/jonsakas/Development/cssstyle/lib/properties/borderRightWidth.js
FN:6,(anonymous_0)
FN:11,(anonymous_1)
FNDA:0,(anonymous_0)
FNDA:0,(anonymous_1)
FNF:2
FNH:0
DA:3,0
DA:5,0
DA:7,0
DA:8,0
DA:12,0
LF:5
LH:0
end_of_record
TN:
SF:/Users/jonsakas/Development/cssstyle/lib/properties/borderSpacing.js
FN:9,parse
FN:23,(anonymous_1)
FN:33,(anonymous_2)
FN:36,(anonymous_3)
FNDA:0,(anonymous_3)
FNDA:0,(anonymous_1)
FNDA:0,(anonymous_2)
FNDA:0,parse
FNF:4
FNH:0
DA:3,0
DA:9,0
DA:10,0
DA:11,0
DA:13,0
DA:14,0
DA:16,0
DA:17,0
DA:19,0
DA:20,0
DA:21,0
DA:23,0
DA:24,0
DA:25,0
DA:29,0
DA:32,0
DA:34,0
DA:37,0
LF:18
LH:0
end_of_record
TN:
SF:/Users/jonsakas/Development/cssstyle/lib/properties/borderStyle.js
FN:19,parse
FN:24,(anonymous_1)
FN:33,(anonymous_2)
FNDA:0,(anonymous_1)
FNDA:0,(anonymous_2)
FNDA:0,parse
FNF:3
FNH:0
DA:3,0
DA:6,0
DA:19,0
DA:20,0
DA:22,0
DA:24,0
DA:25,0
DA:26,0
DA:28,0
DA:31,0
DA:34,0
LF:11
LH:0
end_of_record
TN:
SF:/Users/jonsakas/Development/cssstyle/lib/properties/borderTop.js
FNF:0
FNH:0
DA:3,0
DA:4,0
DA:6,0
DA:12,0
LF:4
LH:0
end_of_record
TN:
SF:/Users/jonsakas/Development/cssstyle/lib/properties/borderTopColor.js
FN:6,(anonymous_0)
FN:11,(anonymous_1)
FNDA:0,(anonymous_0)
FNDA:0,(anonymous_1)
FNF:2
FNH:0
DA:3,0
DA:5,0
DA:7,0
DA:8,0
DA:12,0
LF:5
LH:0
end_of_record
TN:
SF:/Users/jonsakas/Development/cssstyle/lib/properties/borderTopStyle.js
FN:7,(anonymous_0)
FN:16,(anonymous_1)
FNDA:0,(anonymous_1)
FNDA:0,(anonymous_0)
FNF:2
FNH:0
DA:3,0
DA:4,0
DA:6,0
DA:8,0
DA:9,0
DA:10,0
DA:11,0
DA:13,0
DA:17,0
LF:9
LH:0
end_of_record
TN:
SF:/Users/jonsakas/Development/cssstyle/lib/properties/borderTopWidth.js
FN:7,(anonymous_0)
FN:12,(anonymous_1)
FNDA:0,(anonymous_1)
FNDA:0,(anonymous_0)
FNF:2
FNH:0
DA:3,0
DA:4,0
DA:6,0
DA:8,0
DA:9,0
DA:13,0
LF:6
LH:0
end_of_record
TN:
SF:/Users/jonsakas/Development/cssstyle/lib/properties/borderWidth.js
FN:9,parse
FN:28,(anonymous_1)
FN:41,(anonymous_2)
FNDA:0,parse
FNDA:0,(anonymous_2)
FNDA:0,(anonymous_1)
FNF:3
FNH:0
DA:3,0
DA:4,0
DA:7,0
DA:9,0
DA:10,0
DA:11,0
DA:12,0
DA:14,0
DA:15,0
DA:17,0
DA:18,0
DA:20,0
DA:21,0
DA:22,0
DA:24,0
DA:26,0
DA:28,0
DA:29,0
DA:30,0
DA:31,0
DA:33,0
DA:34,0
DA:36,0
DA:39,0
DA:42,0
LF:25
LH:0
end_of_record
TN:
SF:/Users/jonsakas/Development/cssstyle/lib/properties/bottom.js
FN:6,(anonymous_0)
FN:9,(anonymous_1)
FNDA:0,(anonymous_0)
FNDA:0,(anonymous_1)
FNF:2
FNH:0
DA:3,0
DA:5,0
DA:7,0
DA:10,0
LF:4
LH:0
end_of_record
TN:
SF:/Users/jonsakas/Development/cssstyle/lib/properties/clear.js
FN:8,(anonymous_0)
FN:11,(anonymous_1)
FNDA:0,(anonymous_0)
FNDA:0,(anonymous_1)
FNF:2
FNH:0
DA:3,0
DA:5,0
DA:7,0
DA:9,0
DA:12,0
LF:5
LH:0
end_of_record
TN:
SF:/Users/jonsakas/Development/cssstyle/lib/properties/clip.js
FN:7,(anonymous_0)
FN:26,(anonymous_1)
FN:39,(anonymous_2)
FN:42,(anonymous_3)
FNDA:0,(anonymous_1)
FNDA:0,(anonymous_2)
FNDA:0,(anonymous_3)
FNDA:0,(anonymous_0)
FNF:4
FNH:0
DA:3,0
DA:5,0
DA:7,0
DA:8,0
DA:9,0
DA:11,0
DA:12,0
DA:14,0
DA:15,0
DA:16,0
DA:18,0
DA:19,0
DA:20,0
DA:22,0
DA:23,0
DA:24,0
DA:26,0
DA:27,0
DA:28,0
DA:29,0
DA:31,0
DA:32,0
DA:34,0
DA:35,0
DA:38,0
DA:40,0
DA:43,0
LF:27
LH:0
end_of_record
TN:
SF:/Users/jonsakas/Development/cssstyle/lib/properties/color.js
FN:6,(anonymous_0)
FN:9,(anonymous_1)
FNDA:0,(anonymous_0)
FNDA:0,(anonymous_1)
FNF:2
FNH:0
DA:3,0
DA:5,0
DA:7,0
DA:10,0
LF:4
LH:0
end_of_record
TN:
SF:/Users/jonsakas/Development/cssstyle/lib/properties/cssFloat.js
FN:4,(anonymous_0)
FN:7,(anonymous_1)
FNDA:0,(anonymous_0)
FNDA:0,(anonymous_1)
FNF:2
FNH:0
DA:3,0
DA:5,0
DA:8,0
LF:3
LH:0
end_of_record
TN:
SF:/Users/jonsakas/Development/cssstyle/lib/properties/flex.js
FN:15,isValid
FN:20,(anonymous_1)
FNDA:0,isValid
FNDA:0,(anonymous_1)
FNF:2
FNH:0
DA:3,0
DA:4,0
DA:5,0
DA:7,0
DA:13,0
DA:15,0
DA:16,0
DA:19,0
DA:21,0
DA:25,0
DA:26,0
DA:27,0
DA:29,0
DA:30,0
DA:31,0
DA:33,0
DA:34,0
DA:35,0
DA:36,0
DA:37,0
DA:40,0
LF:21
LH:0
end_of_record
TN:
SF:/Users/jonsakas/Development/cssstyle/lib/properties/flexBasis.js
FN:5,parse
FN:15,isValid
FN:20,(anonymous_2)
FN:23,(anonymous_3)
FNDA:0,(anonymous_2)
FNDA:0,(anonymous_3)
FNDA:0,isValid
FNDA:0,parse
FNF:4
FNH:0
DA:3,0
DA:6,0
DA:7,0
DA:9,0
DA:10,0
DA:12,0
DA:15,0
DA:16,0
DA:19,0
DA:21,0
DA:24,0
LF:11
LH:0
end_of_record
TN:
SF:/Users/jonsakas/Development/cssstyle/lib/properties/flexGrow.js
FN:6,isValid
FN:11,(anonymous_1)
FN:14,(anonymous_2)
FNDA:0,(anonymous_2)
FNDA:0,(anonymous_1)
FNDA:0,isValid
FNF:3
FNH:0
DA:3,0
DA:4,0
DA:6,0
DA:7,0
DA:10,0
DA:12,0
DA:15,0
LF:7
LH:0
end_of_record
TN:
SF:/Users/jonsakas/Development/cssstyle/lib/properties/flexShrink.js
FN:6,isValid
FN:11,(anonymous_1)
FN:14,(anonymous_2)
FNDA:0,isValid
FNDA:0,(anonymous_1)
FNDA:0,(anonymous_2)
FNF:3
FNH:0
DA:3,0
DA:4,0
DA:6,0
DA:7,0
DA:10,0
DA:12,0
DA:15,0
LF:7
LH:0
end_of_record
TN:
SF:/Users/jonsakas/Development/cssstyle/lib/properties/float.js
FN:4,(anonymous_0)
FN:7,(anonymous_1)
FNDA:0,(anonymous_1)
FNDA:0,(anonymous_0)
FNF:2
FNH:0
DA:3,0
DA:5,0
DA:8,0
LF:3
LH:0
end_of_record
TN:
SF:/Users/jonsakas/Development/cssstyle/lib/properties/floodColor.js
FN:6,(anonymous_0)
FN:9,(anonymous_1)
FNDA:0,(anonymous_0)
FNDA:0,(anonymous_1)
FNF:2
FNH:0
DA:3,0
DA:5,0
DA:7,0
DA:10,0
LF:4
LH:0
end_of_record
TN:
SF:/Users/jonsakas/Development/cssstyle/lib/properties/font.js
FN:31,(anonymous_0)
FNDA:0,(anonymous_0)
FNF:1
FNH:0
DA:3,0
DA:4,0
DA:5,0
DA:6,0
DA:7,0
DA:9,0
DA:18,0
DA:28,0
DA:30,0
DA:32,0
DA:33,0
DA:34,0
DA:36,0
DA:37,0
LF:14
LH:0
end_of_record
TN:
SF:/Users/jonsakas/Development/cssstyle/lib/properties/fontFamily.js
FN:7,isValid
FN:25,(anonymous_1)
FN:28,(anonymous_2)
FNDA:0,isValid
FNDA:0,(anonymous_2)
FNDA:0,(anonymous_1)
FNF:3
FNH:0
DA:3,0
DA:4,0
DA:6,0
DA:7,0
DA:8,0
DA:9,0
DA:11,0
DA:12,0
DA:15,0
DA:16,0
DA:17,0
DA:18,0
DA:21,0
DA:24,0
DA:26,0
DA:29,0
LF:16
LH:0
end_of_record
TN:
SF:/Users/jonsakas/Development/cssstyle/lib/properties/fontSize.js
FN:10,(anonymous_0)
FN:20,parse
FN:24,(anonymous_2)
FN:30,(anonymous_3)
FN:33,(anonymous_4)
FNDA:0,(anonymous_0)
FNDA:0,(anonymous_3)
FNDA:0,(anonymous_2)
FNDA:0,parse
FNDA:0,(anonymous_4)
FNF:5
FNH:0
DA:3,0
DA:4,0
DA:5,0
DA:7,0
DA:8,0
DA:10,0
DA:11,0
DA:12,0
DA:21,0
DA:22,0
DA:23,0
DA:24,0
DA:26,0
DA:29,0
DA:31,0
DA:34,0
LF:16
LH:0
end_of_record
TN:
SF:/Users/jonsakas/Development/cssstyle/lib/properties/fontStyle.js
FN:5,(anonymous_0)
FN:10,(anonymous_1)
FN:13,(anonymous_2)
FNDA:0,(anonymous_0)
FNDA:0,(anonymous_2)
FNDA:0,(anonymous_1)
FNF:3
FNH:0
DA:3,0
DA:5,0
DA:6,0
DA:9,0
DA:11,0
DA:14,0
LF:6
LH:0
end_of_record
TN:
SF:/Users/jonsakas/Development/cssstyle/lib/properties/fontVariant.js
FN:5,isValid
FN:10,(anonymous_1)
FN:13,(anonymous_2)
FNDA:0,isValid
FNDA:0,(anonymous_2)
FNDA:0,(anonymous_1)
FNF:3
FNH:0
DA:3,0
DA:5,0
DA:6,0
DA:9,0
DA:11,0
DA:14,0
LF:6
LH:0
end_of_record
TN:
SF:/Users/jonsakas/Development/cssstyle/lib/properties/fontWeight.js
FN:20,isValid
FN:25,(anonymous_1)
FN:28,(anonymous_2)
FNDA:0,isValid
FNDA:0,(anonymous_1)
FNDA:0,(anonymous_2)
FNF:3
FNH:0
DA:3,0
DA:20,0
DA:21,0
DA:24,0
DA:26,0
DA:29,0
LF:6
LH:0
end_of_record
TN:
SF:/Users/jonsakas/Development/cssstyle/lib/properties/height.js
FN:5,parse
FN:16,(anonymous_1)
FN:19,(anonymous_2)
FNDA:0,parse
FNDA:0,(anonymous_2)
FNDA:0,(anonymous_1)
FNF:3
FNH:0
DA:3,0
DA:6,0
DA:7,0
DA:9,0
DA:10,0
DA:12,0
DA:15,0
DA:17,0
DA:20,0
LF:9
LH:0
end_of_record
TN:
SF:/Users/jonsakas/Development/cssstyle/lib/properties/left.js
FN:6,(anonymous_0)
FN:9,(anonymous_1)
FNDA:0,(anonymous_1)
FNDA:0,(anonymous_0)
FNF:2
FNH:0
DA:3,0
DA:5,0
DA:7,0
DA:10,0
LF:4
LH:0
end_of_record
TN:
SF:/Users/jonsakas/Development/cssstyle/lib/properties/lightingColor.js
FN:6,(anonymous_0)
FN:9,(anonymous_1)
FNDA:0,(anonymous_1)
FNDA:0,(anonymous_0)
FNF:2
FNH:0
DA:3,0
DA:5,0
DA:7,0
DA:10,0
LF:4
LH:0
end_of_record
TN:
SF:/Users/jonsakas/Development/cssstyle/lib/properties/lineHeight.js
FN:6,isValid
FN:18,(anonymous_1)
FN:21,(anonymous_2)
FNDA:0,(anonymous_2)
FNDA:0,(anonymous_1)
FNDA:0,isValid
FNF:3
FNH:0
DA:3,0
DA:4,0
DA:6,0
DA:7,0
DA:8,0
DA:17,0
DA:19,0
DA:22,0
LF:8
LH:0
end_of_record
TN:
SF:/Users/jonsakas/Development/cssstyle/lib/properties/margin.js
FN:6,(anonymous_0)
FN:18,(anonymous_1)
FN:30,(anonymous_2)
FN:33,(anonymous_3)
FN:39,(anonymous_4)
FN:60,(anonymous_5)
FNDA:0,(anonymous_4)
FNDA:0,(anonymous_0)
FNDA:0,(anonymous_3)
FNDA:0,(anonymous_1)
FNDA:0,(anonymous_5)
FNDA:0,(anonymous_2)
FNF:6
FNH:0
DA:3,0
DA:4,0
DA:6,0
DA:7,0
DA:8,0
DA:10,0
DA:11,0
DA:18,0
DA:19,0
DA:20,0
DA:21,0
DA:23,0
DA:26,0
DA:27,0
DA:31,0
DA:34,0
DA:38,0
DA:40,0
DA:41,0
DA:43,0
DA:44,0
DA:46,0
DA:47,0
DA:52,0
DA:53,0
DA:56,0
DA:57,0
DA:61,0
DA:67,0
DA:68,0
LF:30
LH:0
end_of_record
TN:
SF:/Users/jonsakas/Development/cssstyle/lib/properties/marginBottom.js
FN:8,(anonymous_0)
FNDA:0,(anonymous_0)
FNF:1
FNH:0
DA:3,0
DA:4,0
DA:6,0
DA:9,0
LF:4
LH:0
end_of_record
TN:
SF:/Users/jonsakas/Development/cssstyle/lib/properties/marginLeft.js
FN:8,(anonymous_0)
FNDA:0,(anonymous_0)
FNF:1
FNH:0
DA:3,0
DA:4,0
DA:6,0
DA:9,0
LF:4
LH:0
end_of_record
TN:
SF:/Users/jonsakas/Development/cssstyle/lib/properties/marginRight.js
FN:8,(anonymous_0)
FNDA:0,(anonymous_0)
FNF:1
FNH:0
DA:3,0
DA:4,0
DA:6,0
DA:9,0
LF:4
LH:0
end_of_record
TN:
SF:/Users/jonsakas/Development/cssstyle/lib/properties/marginTop.js
FN:8,(anonymous_0)
FNDA:0,(anonymous_0)
FNF:1
FNH:0
DA:3,0
DA:4,0
DA:6,0
DA:9,0
LF:4
LH:0
end_of_record
TN:
SF:/Users/jonsakas/Development/cssstyle/lib/properties/opacity.js
FN:6,(anonymous_0)
FN:9,(anonymous_1)
FNDA:0,(anonymous_1)
FNDA:0,(anonymous_0)
FNF:2
FNH:0
DA:3,0
DA:5,0
DA:7,0
DA:10,0
LF:4
LH:0
end_of_record
TN:
SF:/Users/jonsakas/Development/cssstyle/lib/properties/outlineColor.js
FN:6,(anonymous_0)
FN:9,(anonymous_1)
FNDA:0,(anonymous_0)
FNDA:0,(anonymous_1)
FNF:2
FNH:0
DA:3,0
DA:5,0
DA:7,0
DA:10,0
LF:4
LH:0
end_of_record
TN:
SF:/Users/jonsakas/Development/cssstyle/lib/properties/padding.js
FN:6,(anonymous_0)
FN:15,(anonymous_1)
FN:23,(anonymous_2)
FN:26,(anonymous_3)
FN:32,(anonymous_4)
FN:53,(anonymous_5)
FNDA:0,(anonymous_0)
FNDA:0,(anonymous_3)
FNDA:0,(anonymous_5)
FNDA:0,(anonymous_1)
FNDA:0,(anonymous_2)
FNDA:0,(anonymous_4)
FNF:6
FNH:0
DA:3,0
DA:4,0
DA:6,0
DA:7,0
DA:8,0
DA:15,0
DA:16,0
DA:19,0
DA:20,0
DA:24,0
DA:27,0
DA:31,0
DA:33,0
DA:34,0
DA:36,0
DA:37,0
DA:39,0
DA:40,0
DA:45,0
DA:46,0
DA:49,0
DA:50,0
DA:54,0
DA:60,0
DA:61,0
LF:25
LH:0
end_of_record
TN:
SF:/Users/jonsakas/Development/cssstyle/lib/properties/paddingBottom.js
FN:8,(anonymous_0)
FNDA:0,(anonymous_0)
FNF:1
FNH:0
DA:3,0
DA:4,0
DA:6,0
DA:9,0
LF:4
LH:0
end_of_record
TN:
SF:/Users/jonsakas/Development/cssstyle/lib/properties/paddingLeft.js
FN:8,(anonymous_0)
FNDA:0,(anonymous_0)
FNF:1
FNH:0
DA:3,0
DA:4,0
DA:6,0
DA:9,0
LF:4
LH:0
end_of_record
TN:
SF:/Users/jonsakas/Development/cssstyle/lib/properties/paddingRight.js
FN:8,(anonymous_0)
FNDA:0,(anonymous_0)
FNF:1
FNH:0
DA:3,0
DA:4,0
DA:6,0
DA:9,0
LF:4
LH:0
end_of_record
TN:
SF:/Users/jonsakas/Development/cssstyle/lib/properties/paddingTop.js
FN:8,(anonymous_0)
FNDA:0,(anonymous_0)
FNF:1
FNH:0
DA:3,0
DA:4,0
DA:6,0
DA:9,0
LF:4
LH:0
end_of_record
TN:
SF:/Users/jonsakas/Development/cssstyle/lib/properties/right.js
FN:6,(anonymous_0)
FN:9,(anonymous_1)
FNDA:0,(anonymous_0)
FNDA:0,(anonymous_1)
FNF:2
FNH:0
DA:3,0
DA:5,0
DA:7,0
DA:10,0
LF:4
LH:0
end_of_record
TN:
SF:/Users/jonsakas/Development/cssstyle/lib/properties/stopColor.js
FN:6,(anonymous_0)
FN:9,(anonymous_1)
FNDA:0,(anonymous_0)
FNDA:0,(anonymous_1)
FNF:2
FNH:0
DA:3,0
DA:5,0
DA:7,0
DA:10,0
LF:4
LH:0
end_of_record
TN:
SF:/Users/jonsakas/Development/cssstyle/lib/properties/textLineThroughColor.js
FN:6,(anonymous_0)
FN:9,(anonymous_1)
FNDA:0,(anonymous_0)
FNDA:0,(anonymous_1)
FNF:2
FNH:0
DA:3,0
DA:5,0
DA:7,0
DA:10,0
LF:4
LH:0
end_of_record
TN:
SF:/Users/jonsakas/Development/cssstyle/lib/properties/textOverlineColor.js
FN:6,(anonymous_0)
FN:9,(anonymous_1)
FNDA:0,(anonymous_0)
FNDA:0,(anonymous_1)
FNF:2
FNH:0
DA:3,0
DA:5,0
DA:7,0
DA:10,0
LF:4
LH:0
end_of_record
TN:
SF:/Users/jonsakas/Development/cssstyle/lib/properties/textUnderlineColor.js
FN:6,(anonymous_0)
FN:9,(anonymous_1)
FNDA:0,(anonymous_0)
FNDA:0,(anonymous_1)
FNF:2
FNH:0
DA:3,0
DA:5,0
DA:7,0
DA:10,0
LF:4
LH:0
end_of_record
TN:
SF:/Users/jonsakas/Development/cssstyle/lib/properties/top.js
FN:6,(anonymous_0)
FN:9,(anonymous_1)
FNDA:0,(anonymous_0)
FNDA:0,(anonymous_1)
FNF:2
FNH:0
DA:3,0
DA:5,0
DA:7,0
DA:10,0
LF:4
LH:0
end_of_record
TN:
SF:/Users/jonsakas/Development/cssstyle/lib/properties/webkitBorderAfterColor.js
FN:6,(anonymous_0)
FN:9,(anonymous_1)
FNDA:0,(anonymous_1)
FNDA:0,(anonymous_0)
FNF:2
FNH:0
DA:3,0
DA:5,0
DA:7,0
DA:10,0
LF:4
LH:0
end_of_record
TN:
SF:/Users/jonsakas/Development/cssstyle/lib/properties/webkitBorderBeforeColor.js
FN:6,(anonymous_0)
FN:9,(anonymous_1)
FNDA:0,(anonymous_1)
FNDA:0,(anonymous_0)
FNF:2
FNH:0
DA:3,0
DA:5,0
DA:7,0
DA:10,0
LF:4
LH:0
end_of_record
TN:
SF:/Users/jonsakas/Development/cssstyle/lib/properties/webkitBorderEndColor.js
FN:6,(anonymous_0)
FN:9,(anonymous_1)
FNDA:0,(anonymous_0)
FNDA:0,(anonymous_1)
FNF:2
FNH:0
DA:3,0
DA:5,0
DA:7,0
DA:10,0
LF:4
LH:0
end_of_record
TN:
SF:/Users/jonsakas/Development/cssstyle/lib/properties/webkitBorderStartColor.js
FN:6,(anonymous_0)
FN:9,(anonymous_1)
FNDA:0,(anonymous_0)
FNDA:0,(anonymous_1)
FNF:2
FNH:0
DA:3,0
DA:5,0
DA:7,0
DA:10,0
LF:4
LH:0
end_of_record
TN:
SF:/Users/jonsakas/Development/cssstyle/lib/properties/webkitColumnRuleColor.js
FN:6,(anonymous_0)
FN:9,(anonymous_1)
FNDA:0,(anonymous_1)
FNDA:0,(anonymous_0)
FNF:2
FNH:0
DA:3,0
DA:5,0
DA:7,0
DA:10,0
LF:4
LH:0
end_of_record
TN:
SF:/Users/jonsakas/Development/cssstyle/lib/properties/webkitMatchNearestMailBlockquoteColor.js
FN:6,(anonymous_0)
FN:9,(anonymous_1)
FNDA:0,(anonymous_0)
FNDA:0,(anonymous_1)
FNF:2
FNH:0
DA:3,0
DA:5,0
DA:7,0
DA:10,0
LF:4
LH:0
end_of_record
TN:
SF:/Users/jonsakas/Development/cssstyle/lib/properties/webkitTapHighlightColor.js
FN:6,(anonymous_0)
FN:9,(anonymous_1)
FNDA:0,(anonymous_0)
FNDA:0,(anonymous_1)
FNF:2
FNH:0
DA:3,0
DA:5,0
DA:7,0
DA:10,0
LF:4
LH:0
end_of_record
TN:
SF:/Users/jonsakas/Development/cssstyle/lib/properties/webkitTextEmphasisColor.js
FN:6,(anonymous_0)
FN:9,(anonymous_1)
FNDA:0,(anonymous_1)
FNDA:0,(anonymous_0)
FNF:2
FNH:0
DA:3,0
DA:5,0
DA:7,0
DA:10,0
LF:4
LH:0
end_of_record
TN:
SF:/Users/jonsakas/Development/cssstyle/lib/properties/webkitTextFillColor.js
FN:6,(anonymous_0)
FN:9,(anonymous_1)
FNDA:0,(anonymous_1)
FNDA:0,(anonymous_0)
FNF:2
FNH:0
DA:3,0
DA:5,0
DA:7,0
DA:10,0
LF:4
LH:0
end_of_record
TN:
SF:/Users/jonsakas/Development/cssstyle/lib/properties/webkitTextStrokeColor.js
FN:6,(anonymous_0)
FN:9,(anonymous_1)
FNDA:0,(anonymous_0)
FNDA:0,(anonymous_1)
FNF:2
FNH:0
DA:3,0
DA:5,0
DA:7,0
DA:10,0
LF:4
LH:0
end_of_record
TN:
SF:/Users/jonsakas/Development/cssstyle/lib/properties/width.js
FN:5,parse
FN:16,(anonymous_1)
FN:19,(anonymous_2)
FNDA:0,(anonymous_1)
FNDA:0,(anonymous_2)
FNDA:0,parse
FNF:3
FNH:0
DA:3,0
DA:6,0
DA:7,0
DA:9,0
DA:10,0
DA:12,0
DA:15,0
DA:17,0
DA:20,0
LF:9
LH:0
end_of_record
TN:
SF:/Users/jonsakas/Development/cssstyle/lib/utils/getBasicPropertyDescriptor.js
FN:3,getBasicPropertyDescriptor
FN:5,(anonymous_1)
FN:8,(anonymous_2)
FNDA:3,(anonymous_1)
FNDA:1,(anonymous_2)
FNDA:646,getBasicPropertyDescriptor
FNF:3
FNH:3
DA:3,1
DA:4,646
DA:6,3
DA:9,1
LF:4
LH:4
end_of_record
TN:
SF:/Users/jun/Downloads/jscu/packages/js-crypto-aes/src/aes.ts
FN:5,(anonymous_0)
FN:6,(anonymous_2)
FN:6,adopt
FN:7,(anonymous_3)
FN:8,fulfilled
FN:9,rejected
FN:14,(anonymous_7)
FN:15,(anonymous_8)
FN:16,(anonymous_9)
FN:17,verb
FN:17,(anonymous_11)
FN:18,step
FN:41,(anonymous_13)
FN:48,(anonymous_14)
FN:63,(anonymous_15)
FN:91,(anonymous_16)
FN:93,(anonymous_17)
FN:95,(anonymous_18)
FN:132,(anonymous_19)
FN:134,(anonymous_20)
FN:136,(anonymous_21)
FN:169,(anonymous_22)
FN:171,(anonymous_23)
FN:173,(anonymous_24)
FN:207,(anonymous_25)
FN:209,(anonymous_26)
FN:211,(anonymous_27)
FNDA:80,(anonymous_11)
FNDA:3,(anonymous_22)
FNDA:12,(anonymous_17)
FNDA:52,(anonymous_2)
FNDA:30,(anonymous_21)
FNDA:10,(anonymous_19)
FNDA:52,fulfilled
FNDA:84,verb
FNDA:10,(anonymous_20)
FNDA:28,(anonymous_3)
FNDA:158,step
FNDA:28,(anonymous_0)
FNDA:9,(anonymous_27)
FNDA:0,rejected
FNDA:52,adopt
FNDA:4,(anonymous_14)
FNDA:9,(anonymous_24)
FNDA:52,(anonymous_8)
FNDA:3,(anonymous_26)
FNDA:3,(anonymous_25)
FNDA:28,(anonymous_7)
FNDA:0,(anonymous_9)
FNDA:3,(anonymous_23)
FNDA:22,(anonymous_15)
FNDA:12,(anonymous_16)
FNDA:12,(anonymous_13)
FNDA:32,(anonymous_18)
FNF:27
FNH:25
DA:5,4
DA:6,52
DA:7,28
DA:8,52
DA:9,0
DA:10,78
DA:11,28
DA:14,4
DA:15,52
DA:16,28
DA:17,84
DA:19,80
DA:20,160
DA:21,160
DA:22,160
DA:23,160
DA:24,80
DA:25,52
DA:26,0
DA:27,0
DA:29,28
DA:30,0
DA:31,0
DA:32,0
DA:33,0
DA:34,0
DA:36,80
DA:37,160
DA:38,28
DA:41,4
DA:42,12
DA:43,0
DA:44,0
DA:45,0
DA:46,0
DA:48,4
DA:49,4
DA:51,4
DA:52,4
DA:53,4
DA:54,4
DA:55,4
DA:63,4
DA:64,22
DA:65,22
DA:66,22
DA:67,0
DA:68,22
DA:69,0
DA:70,22
DA:71,2
DA:73,20
DA:74,8
DA:75,0
DA:76,8
DA:77,0
DA:91,4
DA:92,12
DA:93,12
DA:95,12
DA:96,32
DA:99,12
DA:100,10
DA:101,1
DA:102,10
DA:104,10
DA:105,10
DA:107,10
DA:108,10
DA:109,10
DA:111,0
DA:112,0
DA:115,0
DA:116,0
DA:132,4
DA:133,10
DA:134,10
DA:136,10
DA:137,30
DA:140,10
DA:141,10
DA:142,1
DA:143,10
DA:145,10
DA:146,10
DA:148,10
DA:149,10
DA:150,10
DA:152,0
DA:153,0
DA:156,0
DA:157,0
DA:169,4
DA:170,3
DA:171,3
DA:173,3
DA:174,9
DA:177,3
DA:178,0
DA:179,3
DA:181,3
DA:182,3
DA:184,3
DA:185,3
DA:186,3
DA:187,3
DA:189,0
DA:190,0
DA:193,0
DA:195,0
DA:207,4
DA:208,3
DA:209,3
DA:211,3
DA:212,9
DA:213,3
DA:215,3
DA:216,3
DA:218,3
DA:219,3
DA:220,3
DA:221,3
DA:223,0
DA:224,0
DA:227,0
DA:229,0
LF:126
LH:93
end_of_record
TN:
SF:/Users/jun/Downloads/jscu/packages/js-crypto-aes/src/index.ts
FNF:0
FNH:0
DA:5,4
DA:6,4
DA:7,4
DA:8,4
DA:9,4
DA:10,4
DA:11,4
LF:7
LH:7
end_of_record
TN:
SF:/Users/jun/Downloads/jscu/packages/js-crypto-aes/src/nodeapi.ts
FN:5,(anonymous_0)
FN:19,(anonymous_1)
FN:32,(anonymous_2)
FN:49,(anonymous_3)
FN:106,(anonymous_4)
FN:158,(anonymous_5)
FNDA:0,(anonymous_3)
FNDA:4,(anonymous_0)
FNDA:0,(anonymous_5)
FNDA:0,(anonymous_1)
FNDA:0,(anonymous_2)
FNDA:0,(anonymous_4)
FNF:6
FNH:1
DA:5,4
DA:6,4
DA:8,4
DA:9,4
DA:19,4
DA:20,0
DA:21,0
DA:32,4
DA:33,0
DA:34,0
DA:49,4
DA:50,0
DA:51,0
DA:52,0
DA:54,0
DA:56,0
DA:57,0
DA:58,0
DA:61,0
DA:62,0
DA:63,0
DA:64,0
DA:65,0
DA:66,0
DA:67,0
DA:70,0
DA:71,0
DA:77,0
DA:78,0
DA:79,0
DA:80,0
DA:81,0
DA:82,0
DA:85,0
DA:87,0
DA:88,0
DA:89,0
DA:90,0
DA:91,0
DA:106,4
DA:107,0
DA:108,0
DA:109,0
DA:112,0
DA:114,0
DA:115,0
DA:116,0
DA:117,0
DA:118,0
DA:119,0
DA:122,0
DA:123,0
DA:124,0
DA:125,0
DA:126,0
DA:127,0
DA:128,0
DA:129,0
DA:132,0
DA:133,0
DA:134,0
DA:139,0
DA:140,0
DA:141,0
DA:144,0
DA:146,0
DA:147,0
DA:148,0
DA:149,0
DA:158,4
DA:159,0
DA:160,0
DA:161,0
LF:73
LH:9
end_of_record
TN:
SF:/Users/jun/Downloads/jscu/packages/js-crypto-aes/src/params.ts
FNF:0
FNH:0
DA:5,4
DA:6,4
DA:27,4
DA:36,4
LF:4
LH:4
end_of_record
TN:
SF:/Users/jun/Downloads/jscu/packages/js-crypto-aes/src/webapi.ts
FN:5,(anonymous_0)
FN:6,(anonymous_2)
FN:6,adopt
FN:7,(anonymous_3)
FN:8,fulfilled
FN:9,rejected
FN:14,(anonymous_7)
FN:15,(anonymous_8)
FN:16,(anonymous_9)
FN:17,verb
FN:17,(anonymous_11)
FN:18,step
FN:51,(anonymous_13)
FN:53,(anonymous_14)
FN:55,(anonymous_15)
FN:91,(anonymous_16)
FN:93,(anonymous_17)
FN:95,(anonymous_18)
FN:133,(anonymous_19)
FN:135,(anonymous_20)
FN:137,(anonymous_21)
FN:193,(anonymous_22)
FN:195,(anonymous_23)
FN:197,(anonymous_24)
FN:249,(anonymous_25)
FN:274,(anonymous_26)
FN:274,(anonymous_27)
FN:276,(anonymous_28)
FN:277,(anonymous_29)
FN:279,(anonymous_30)
FN:279,(anonymous_31)
FN:281,(anonymous_32)
FN:282,(anonymous_33)
FN:284,(anonymous_35)
FN:284,(anonymous_34)
FN:286,(anonymous_36)
FN:287,(anonymous_37)
FNDA:10,(anonymous_20)
FNDA:57,fulfilled
FNDA:0,(anonymous_2)
FNDA:84,(anonymous_11)
FNDA:167,step
FNDA:0,(anonymous_28)
FNDA:0,(anonymous_30)
FNDA:0,(anonymous_34)
FNDA:0,(anonymous_26)
FNDA:3,(anonymous_14)
FNDA:58,adopt
FNDA:0,(anonymous_27)
FNDA:0,(anonymous_31)
FNDA:3,(anonymous_13)
FNDA:12,(anonymous_15)
FNDA:3,(anonymous_16)
FNDA:0,(anonymous_36)
FNDA:78,verb
FNDA:3,(anonymous_17)
FNDA:10,(anonymous_22)
FNDA:0,(anonymous_33)
FNDA:10,(anonymous_19)
FNDA:0,(anonymous_32)
FNDA:30,(anonymous_21)
FNDA:26,(anonymous_3)
FNDA:59,(anonymous_8)
FNDA:0,(anonymous_29)
FNDA:1,rejected
FNDA:26,(anonymous_0)
FNDA:31,(anonymous_24)
FNDA:10,(anonymous_23)
FNDA:12,(anonymous_18)
FNDA:0,(anonymous_35)
FNDA:26,(anonymous_7)
FNDA:20,(anonymous_25)
FNDA:0,(anonymous_37)
FNDA:0,(anonymous_9)
FNF:37
FNH:23
DA:5,4
DA:6,58
DA:7,26
DA:8,57
DA:9,1
DA:10,83
DA:11,26
DA:14,4
DA:15,59
DA:16,26
DA:17,84
DA:19,84
DA:20,195
DA:21,195
DA:22,195
DA:23,195
DA:24,84
DA:25,58
DA:26,0
DA:27,0
DA:29,53
DA:30,27
DA:31,27
DA:32,26
DA:33,26
DA:34,26
DA:36,85
DA:37,195
DA:38,26
DA:41,4
DA:51,4
DA:52,3
DA:53,3
DA:55,3
DA:56,12
DA:58,3
DA:59,3
DA:61,3
DA:62,3
DA:64,3
DA:65,3
DA:67,3
DA:68,3
DA:70,3
DA:71,3
DA:73,0
DA:74,0
DA:75,0
DA:76,0
DA:77,0
DA:91,4
DA:92,3
DA:93,3
DA:95,3
DA:96,12
DA:98,3
DA:99,3
DA:101,3
DA:102,3
DA:104,3
DA:105,3
DA:107,3
DA:108,3
DA:109,3
DA:110,3
DA:112,0
DA:113,0
DA:114,0
DA:115,0
DA:116,0
DA:133,4
DA:134,10
DA:135,10
DA:137,10
DA:138,30
DA:140,10
DA:141,10
DA:142,10
DA:144,10
DA:145,10
DA:147,10
DA:148,10
DA:150,10
DA:151,10
DA:153,0
DA:154,0
DA:155,0
DA:157,0
DA:158,0
DA:160,0
DA:161,0
DA:163,0
DA:164,0
DA:165,0
DA:166,0
DA:167,0
DA:168,0
DA:171,0
DA:172,0
DA:174,0
DA:175,0
DA:176,0
DA:193,4
DA:194,10
DA:195,10
DA:197,10
DA:198,31
DA:200,10
DA:201,10
DA:202,10
DA:204,10
DA:205,10
DA:207,10
DA:208,10
DA:210,10
DA:211,9
DA:213,1
DA:214,1
DA:215,0
DA:217,0
DA:218,0
DA:220,0
DA:221,0
DA:222,0
DA:223,0
DA:224,0
DA:225,0
DA:227,0
DA:228,0
DA:229,0
DA:231,0
DA:232,0
DA:233,0
DA:235,0
DA:236,0
DA:237,0
DA:249,4
DA:250,20
DA:251,20
DA:252,20
DA:254,10
DA:255,10
DA:258,4
DA:261,6
DA:262,0
DA:263,6
DA:264,6
DA:265,6
DA:266,6
DA:267,6
DA:270,20
DA:274,4
DA:275,0
DA:276,0
DA:277,0
DA:279,4
DA:280,0
DA:281,0
DA:282,0
DA:284,4
DA:285,0
DA:286,0
DA:287,0
LF:163
LH:105
end_of_record
TN:
SF:/Users/jun/Downloads/jscu/packages/js-crypto-env/src/index.ts
FN:10,(anonymous_0)
FN:21,(anonymous_1)
FN:31,(anonymous_2)
FN:46,(anonymous_3)
FN:61,(anonymous_4)
FNDA:2,(anonymous_4)
FNDA:3,(anonymous_3)
FNDA:2,(anonymous_0)
FNDA:3,(anonymous_1)
FNDA:3,(anonymous_2)
FNF:5
FNH:5
DA:2,1
DA:10,1
DA:11,2
DA:12,2
DA:14,0
DA:16,1
DA:21,1
DA:22,3
DA:23,3
DA:24,0
DA:26,1
DA:31,1
DA:32,3
DA:34,3
DA:35,0
DA:36,3
DA:37,3
DA:39,0
DA:41,1
DA:46,1
DA:47,3
DA:49,3
DA:50,0
DA:51,3
DA:52,3
DA:54,0
DA:56,1
DA:61,1
DA:63,2
DA:64,0
DA:65,2
DA:67,1
DA:68,1
LF:33
LH:26
end_of_record
TN:
SF:/Users/jun/Downloads/jscu/packages/js-crypto-hash/src/hash.ts
FN:5,(anonymous_0)
FN:6,(anonymous_2)
FN:6,adopt
FN:7,(anonymous_3)
FN:8,fulfilled
FN:9,rejected
FN:14,(anonymous_7)
FN:15,(anonymous_8)
FN:16,(anonymous_9)
FN:17,verb
FN:17,(anonymous_11)
FN:18,step
FN:41,(anonymous_13)
FN:48,(anonymous_14)
FN:65,(anonymous_15)
FN:67,(anonymous_16)
FN:69,(anonymous_17)
FN:126,(anonymous_19)
FN:126,(anonymous_18)
FN:128,(anonymous_20)
FN:131,(anonymous_21)
FN:142,(anonymous_22)
FN:154,(anonymous_23)
FNDA:0,(anonymous_21)
FNDA:0,(anonymous_19)
FNDA:0,(anonymous_22)
FNDA:27,(anonymous_11)
FNDA:0,(anonymous_2)
FNDA:81,(anonymous_17)
FNDA:54,verb
FNDA:4,fulfilled
FNDA:0,(anonymous_20)
FNDA:18,(anonymous_3)
FNDA:54,step
FNDA:18,(anonymous_0)
FNDA:5,rejected
FNDA:6,(anonymous_14)
FNDA:9,adopt
FNDA:14,(anonymous_8)
FNDA:0,(anonymous_9)
FNDA:18,(anonymous_7)
FNDA:0,(anonymous_18)
FNDA:14,(anonymous_23)
FNDA:18,(anonymous_16)
FNDA:18,(anonymous_15)
FNDA:2,(anonymous_13)
FNF:23
FNH:16
DA:5,2
DA:6,9
DA:7,18
DA:8,4
DA:9,5
DA:10,27
DA:11,18
DA:14,2
DA:15,18
DA:16,18
DA:17,54
DA:19,27
DA:20,126
DA:21,126
DA:22,126
DA:23,126
DA:24,27
DA:25,9
DA:26,0
DA:27,0
DA:29,90
DA:30,72
DA:31,23
DA:32,18
DA:33,18
DA:34,18
DA:36,81
DA:37,126
DA:38,18
DA:41,2
DA:42,2
DA:43,0
DA:44,0
DA:45,0
DA:46,0
DA:48,2
DA:49,6
DA:51,2
DA:52,2
DA:53,2
DA:54,2
DA:55,2
DA:56,2
DA:65,2
DA:66,18
DA:67,18
DA:69,18
DA:70,81
DA:72,18
DA:73,18
DA:74,18
DA:75,18
DA:76,18
DA:78,18
DA:79,18
DA:80,9
DA:82,9
DA:83,4
DA:85,9
DA:86,0
DA:87,0
DA:89,9
DA:90,0
DA:92,0
DA:93,0
DA:95,9
DA:96,9
DA:97,13
DA:99,5
DA:100,5
DA:101,5
DA:102,5
DA:104,18
DA:105,14
DA:106,14
DA:109,0
DA:110,0
DA:113,18
DA:126,2
DA:127,0
DA:128,0
DA:129,0
DA:131,0
DA:132,0
DA:142,2
DA:143,0
DA:144,0
DA:145,0
DA:146,0
DA:154,2
DA:156,14
DA:157,2
DA:159,12
DA:161,8
DA:162,8
DA:163,8
DA:164,8
DA:165,8
DA:169,4
DA:171,14
LF:100
LH:78
end_of_record
TN:
SF:/Users/jun/Downloads/jscu/packages/js-crypto-hash/src/index.ts
FNF:0
FNH:0
DA:5,2
DA:6,2
DA:7,2
DA:8,2
LF:4
LH:4
end_of_record
TN:
SF:/Users/jun/Downloads/jscu/packages/js-crypto-hash/src/params.ts
FNF:0
FNH:0
DA:5,2
DA:6,2
DA:19,2
LF:3
LH:3
end_of_record
TN:
SF:/Users/jun/Downloads/jscu/packages/js-crypto-hkdf/src/hkdf.ts
FN:5,(anonymous_0)
FN:6,adopt
FN:6,(anonymous_2)
FN:7,(anonymous_3)
FN:8,fulfilled
FN:9,rejected
FN:14,(anonymous_7)
FN:15,(anonymous_8)
FN:16,(anonymous_9)
FN:17,verb
FN:17,(anonymous_11)
FN:18,step
FN:41,(anonymous_13)
FN:44,(anonymous_14)
FN:68,(anonymous_15)
FN:73,(anonymous_16)
FN:75,(anonymous_17)
FN:123,(anonymous_18)
FN:123,(anonymous_19)
FN:125,(anonymous_20)
FNDA:25,(anonymous_18)
FNDA:25,(anonymous_15)
FNDA:25,(anonymous_16)
FNDA:12,(anonymous_13)
FNDA:0,(anonymous_9)
FNDA:50,(anonymous_7)
FNDA:211,(anonymous_8)
FNDA:50,(anonymous_0)
FNDA:195,adopt
FNDA:3,(anonymous_14)
FNDA:16,rejected
FNDA:50,(anonymous_3)
FNDA:490,step
FNDA:150,verb
FNDA:179,fulfilled
FNDA:301,(anonymous_20)
FNDA:25,(anonymous_19)
FNDA:245,(anonymous_11)
FNDA:0,(anonymous_2)
FNDA:139,(anonymous_17)
FNF:20
FNH:18
DA:5,3
DA:6,195
DA:7,50
DA:8,179
DA:9,16
DA:10,245
DA:11,50
DA:14,3
DA:15,211
DA:16,50
DA:17,245
DA:19,245
DA:20,701
DA:21,701
DA:22,701
DA:23,701
DA:24,245
DA:25,195
DA:26,0
DA:27,0
DA:29,261
DA:30,211
DA:31,32
DA:32,16
DA:33,16
DA:34,16
DA:36,440
DA:37,701
DA:38,50
DA:41,3
DA:42,12
DA:44,3
DA:45,3
DA:46,0
DA:47,0
DA:48,0
DA:49,0
DA:51,3
DA:52,3
DA:53,3
DA:54,3
DA:55,3
DA:56,3
DA:68,3
DA:69,25
DA:70,25
DA:71,25
DA:72,25
DA:73,25
DA:75,25
DA:76,139
DA:78,25
DA:79,25
DA:80,25
DA:81,17
DA:82,25
DA:85,9
DA:86,16
DA:88,16
DA:89,16
DA:91,16
DA:92,16
DA:93,16
DA:95,16
DA:96,0
DA:97,0
DA:99,16
DA:100,16
DA:102,16
DA:103,16
DA:104,16
DA:105,9
DA:107,9
DA:108,9
DA:109,25
DA:123,25
DA:125,25
DA:126,301
DA:128,25
DA:129,25
DA:131,25
DA:132,25
DA:133,25
DA:134,25
DA:135,25
DA:136,25
DA:138,138
DA:139,113
DA:140,113
DA:141,113
DA:142,113
DA:143,113
DA:145,113
DA:146,113
DA:147,113
DA:149,113
DA:150,113
DA:151,25
LF:98
LH:90
end_of_record
TN:
SF:/Users/jun/Downloads/jscu/packages/js-crypto-hkdf/src/index.ts
FNF:0
FNH:0
DA:5,3
DA:6,3
DA:7,3
DA:8,3
DA:9,3
DA:10,3
LF:6
LH:6
end_of_record
TN:
SF:/Users/jun/Downloads/jscu/packages/js-crypto-hkdf/src/nist-concat-kdf.ts
FN:2,(anonymous_0)
FN:3,(anonymous_2)
FN:3,adopt
FN:4,(anonymous_3)
FN:5,fulfilled
FN:6,rejected
FN:11,(anonymous_7)
FN:12,(anonymous_8)
FN:13,(anonymous_9)
FN:14,verb
FN:14,(anonymous_11)
FN:15,step
FN:38,(anonymous_13)
FN:55,(anonymous_14)
FN:58,(anonymous_15)
FN:60,(anonymous_16)
FN:90,(anonymous_17)
FNDA:1,(anonymous_3)
FNDA:4,step
FNDA:1,fulfilled
FNDA:3,verb
FNDA:2,(anonymous_11)
FNDA:1,(anonymous_17)
FNDA:0,(anonymous_2)
FNDA:1,(anonymous_15)
FNDA:4,(anonymous_16)
FNDA:6,(anonymous_13)
FNDA:1,(anonymous_7)
FNDA:0,(anonymous_9)
FNDA:1,(anonymous_8)
FNDA:1,(anonymous_0)
FNDA:0,rejected
FNDA:1,(anonymous_14)
FNDA:1,adopt
FNF:17
FNH:14
DA:2,3
DA:3,1
DA:4,1
DA:5,1
DA:6,0
DA:7,2
DA:8,1
DA:11,3
DA:12,1
DA:13,1
DA:14,3
DA:16,2
DA:17,6
DA:18,6
DA:19,6
DA:20,6
DA:21,2
DA:22,1
DA:23,0
DA:24,0
DA:26,3
DA:27,2
DA:28,0
DA:29,0
DA:30,0
DA:31,0
DA:33,4
DA:34,6
DA:35,1
DA:38,3
DA:39,6
DA:41,3
DA:42,3
DA:43,3
DA:55,3
DA:56,1
DA:57,1
DA:58,1
DA:60,1
DA:61,4
DA:63,1
DA:64,1
DA:65,0
DA:66,1
DA:67,1
DA:68,1
DA:69,1
DA:71,2
DA:72,1
DA:73,1
DA:74,1
DA:75,1
DA:76,1
DA:77,1
DA:79,1
DA:80,1
DA:81,1
DA:83,1
DA:84,1
DA:85,1
DA:90,3
DA:91,1
DA:92,1
DA:93,1
DA:94,1
DA:95,1
DA:96,1
DA:97,1
DA:99,1
LF:69
LH:61
end_of_record
TN:
SF:/Users/jun/Downloads/jscu/packages/js-crypto-hkdf/src/params.ts
FNF:0
FNH:0
DA:5,3
DA:6,3
DA:19,3
LF:3
LH:3
end_of_record
TN:
SF:/Users/jun/Downloads/jscu/packages/js-crypto-hmac/src/hmac.ts
FN:5,(anonymous_0)
FN:6,(anonymous_2)
FN:6,adopt
FN:7,(anonymous_3)
FN:8,fulfilled
FN:9,rejected
FN:14,(anonymous_7)
FN:15,(anonymous_8)
FN:16,(anonymous_9)
FN:17,verb
FN:17,(anonymous_11)
FN:18,step
FN:41,(anonymous_13)
FN:44,(anonymous_14)
FN:63,(anonymous_15)
FN:65,(anonymous_16)
FN:67,(anonymous_17)
FN:147,(anonymous_19)
FN:147,(anonymous_18)
FN:149,(anonymous_20)
FN:162,(anonymous_21)
FN:163,(anonymous_22)
FN:186,(anonymous_23)
FN:188,(anonymous_24)
FN:190,(anonymous_25)
FN:201,(anonymous_27)
FN:201,(anonymous_26)
FN:203,(anonymous_28)
FN:204,(anonymous_29)
FN:206,(anonymous_30)
FN:206,(anonymous_31)
FN:208,(anonymous_32)
FN:209,(anonymous_33)
FNDA:0,(anonymous_30)
FNDA:0,(anonymous_28)
FNDA:660,step
FNDA:144,(anonymous_20)
FNDA:162,fulfilled
FNDA:0,(anonymous_2)
FNDA:330,(anonymous_11)
FNDA:0,(anonymous_31)
FNDA:4,(anonymous_13)
FNDA:72,(anonymous_15)
FNDA:72,(anonymous_16)
FNDA:0,(anonymous_26)
FNDA:2,(anonymous_14)
FNDA:192,adopt
FNDA:0,(anonymous_27)
FNDA:138,(anonymous_3)
FNDA:414,verb
FNDA:48,(anonymous_19)
FNDA:0,(anonymous_33)
FNDA:0,(anonymous_32)
FNDA:4928,(anonymous_21)
FNDA:444,(anonymous_17)
FNDA:4928,(anonymous_22)
FNDA:48,(anonymous_18)
FNDA:18,(anonymous_23)
FNDA:0,(anonymous_9)
FNDA:138,(anonymous_7)
FNDA:36,(anonymous_25)
FNDA:222,(anonymous_8)
FNDA:18,(anonymous_24)
FNDA:0,(anonymous_29)
FNDA:30,rejected
FNDA:138,(anonymous_0)
FNF:33
FNH:23
DA:5,2
DA:6,192
DA:7,138
DA:8,162
DA:9,30
DA:10,330
DA:11,138
DA:14,2
DA:15,222
DA:16,138
DA:17,414
DA:19,330
DA:20,1056
DA:21,1056
DA:22,1056
DA:23,1056
DA:24,330
DA:25,192
DA:26,0
DA:27,0
DA:29,534
DA:30,396
DA:31,132
DA:32,102
DA:33,102
DA:34,102
DA:36,624
DA:37,1056
DA:38,138
DA:41,2
DA:42,4
DA:44,2
DA:45,2
DA:46,0
DA:47,0
DA:48,0
DA:49,0
DA:51,2
DA:52,2
DA:53,2
DA:54,2
DA:63,2
DA:64,72
DA:65,72
DA:67,72
DA:68,444
DA:70,72
DA:71,72
DA:72,72
DA:73,72
DA:74,72
DA:75,54
DA:77,54
DA:78,54
DA:83,54
DA:84,24
DA:86,24
DA:87,24
DA:89,30
DA:90,30
DA:91,30
DA:92,54
DA:94,18
DA:95,0
DA:97,0
DA:98,0
DA:100,0
DA:101,0
DA:103,0
DA:104,0
DA:106,0
DA:107,0
DA:108,0
DA:109,0
DA:111,18
DA:112,0
DA:113,0
DA:114,0
DA:117,0
DA:121,18
DA:122,18
DA:124,72
DA:125,48
DA:127,48
DA:128,48
DA:130,48
DA:131,48
DA:133,0
DA:134,0
DA:135,72
DA:147,48
DA:149,48
DA:150,144
DA:152,48
DA:153,48
DA:154,48
DA:155,0
DA:157,0
DA:158,0
DA:160,48
DA:161,48
DA:162,4928
DA:163,4928
DA:164,48
DA:165,48
DA:166,48
DA:167,48
DA:169,48
DA:170,48
DA:171,48
DA:172,48
DA:173,48
DA:186,2
DA:187,18
DA:188,18
DA:190,18
DA:191,36
DA:192,18
DA:194,18
DA:195,18
DA:201,2
DA:202,0
DA:203,0
DA:204,0
DA:206,2
DA:207,0
DA:208,0
DA:209,0
LF:128
LH:96
end_of_record
TN:
SF:/Users/jun/Downloads/jscu/packages/js-crypto-hmac/src/index.ts
FNF:0
FNH:0
DA:5,2
DA:6,2
DA:7,2
DA:8,2
DA:9,2
LF:5
LH:5
end_of_record
TN:
SF:/Users/jun/Downloads/jscu/packages/js-crypto-hmac/src/params.ts
FNF:0
FNH:0
DA:5,2
DA:6,2
DA:19,2
LF:3
LH:3
end_of_record
TN:
SF:/Users/jun/Downloads/jscu/packages/js-crypto-random/src/index.ts
FNF:0
FNH:0
DA:5,1
DA:6,1
DA:7,1
DA:8,1
DA:9,1
DA:10,1
DA:11,1
LF:7
LH:7
end_of_record
TN:
SF:/Users/jun/Downloads/jscu/packages/js-crypto-random/src/random.ts
FN:5,(anonymous_0)
FN:20,(anonymous_1)
FN:42,(anonymous_2)
FN:59,(anonymous_3)
FN:76,(anonymous_4)
FNDA:5,(anonymous_4)
FNDA:1,(anonymous_3)
FNDA:1,(anonymous_0)
FNDA:1,(anonymous_2)
FNDA:1,(anonymous_1)
FNF:5
FNH:5
DA:5,1
DA:6,1
DA:7,0
DA:8,0
DA:9,0
DA:10,0
DA:12,1
DA:13,1
DA:20,1
DA:21,1
DA:22,1
DA:23,1
DA:28,1
DA:29,32
DA:30,32
DA:33,32
DA:35,1
DA:42,1
DA:43,1
DA:44,1
DA:46,1
DA:47,32
DA:48,32
DA:50,1
DA:59,1
DA:60,1
DA:61,1
DA:62,0
DA:63,1
DA:64,1
DA:65,1
DA:66,32
DA:68,1
DA:76,1
DA:77,5
DA:78,5
DA:79,5
DA:80,5
DA:81,5
DA:82,5
DA:84,0
DA:85,0
DA:88,0
LF:43
LH:35
end_of_record
TN:
SF:/Users/jun/Downloads/jscu/packages/js-x509-utils/src/ec.js
FN:17,(anonymous_0)
FNDA:16,(anonymous_0)
FNF:1
FNH:1
DA:8,2
DA:17,2
DA:18,16
DA:24,16
LF:4
LH:4
end_of_record
TN:
SF:/Users/jun/Downloads/jscu/packages/js-x509-utils/src/rsa.js
FN:22,(anonymous_0)
FN:38,(anonymous_1)
FN:68,(anonymous_2)
FN:103,(anonymous_3)
FNDA:4,(anonymous_1)
FNDA:6,(anonymous_2)
FNDA:2,(anonymous_3)
FNDA:7,(anonymous_0)
FNF:4
FNH:4
DA:9,2
DA:12,2
DA:22,2
DA:24,7
DA:25,4
DA:28,3
DA:30,7
DA:38,2
DA:39,4
DA:41,4
DA:57,4
DA:68,2
DA:70,6
DA:72,5
DA:73,5
DA:75,5
DA:76,5
DA:78,5
DA:79,5
DA:80,5
DA:81,5
DA:83,5
DA:87,1
DA:90,6
DA:103,2
DA:104,2
LF:26
LH:26
end_of_record
TN:
SF:/Users/jun/Downloads/jscu/packages/js-x509-utils/src/util.js
FN:11,(anonymous_0)
FN:12,(anonymous_1)
FNDA:15,(anonymous_0)
FNDA:45,(anonymous_1)
FNF:2
FNH:2
DA:11,15
DA:12,45
LF:2
LH:2
end_of_record
TN:
SF:/Users/jun/Downloads/jscu/packages/js-x509-utils/src/x509.js
FN:26,(anonymous_0)
FN:103,(anonymous_1)
FN:125,(anonymous_2)
FN:139,(anonymous_3)
FN:164,(anonymous_4)
FN:165,(anonymous_5)
FNDA:27,(anonymous_2)
FNDA:276,(anonymous_5)
FNDA:4,(anonymous_1)
FNDA:23,(anonymous_0)
FNDA:243,(anonymous_3)
FNDA:46,(anonymous_4)
FNF:6
FNH:6
DA:15,2
DA:26,2
DA:28,23
DA:29,23
DA:30,23
DA:31,23
DA:34,23
DA:35,23
DA:36,23
DA:37,23
DA:43,23
DA:46,23
DA:47,23
DA:50,23
DA:51,23
DA:52,4
DA:53,19
DA:55,23
DA:57,23
DA:58,23
DA:63,23
DA:65,23
DA:66,23
DA:67,23
DA:70,23
DA:71,23
DA:74,23
DA:76,23
DA:77,16
DA:78,7
DA:79,7
DA:82,0
DA:85,23
DA:87,23
DA:88,23
DA:90,0
DA:91,0
DA:93,0
DA:103,2
DA:105,4
DA:106,0
DA:107,0
DA:109,4
DA:111,4
DA:112,4
DA:113,4
DA:114,4
DA:125,2
DA:128,27
DA:129,0
DA:130,0
DA:132,27
DA:134,27
DA:135,27
DA:136,27
DA:138,27
DA:139,243
DA:141,27
DA:142,27
DA:144,27
DA:145,21
DA:147,27
DA:149,27
DA:164,2
DA:165,46
DA:166,276
DA:168,276
DA:170,276
DA:171,0
DA:172,0
DA:174,276
DA:176,276
DA:179,46
DA:183,2
LF:74
LH:64
end_of_record
TN:
SF:/Users/samuelreed/git/forks/async-throttle/index.js
FN:3,Queue
FN:22,(anonymous_2)
FN:23,(anonymous_3)
FN:31,(anonymous_4)
FN:36,(anonymous_5)
FN:55,(anonymous_6)
FN:62,done
FNDA:3,(anonymous_2)
FNDA:13,done
FNDA:45,(anonymous_5)
FNDA:13,(anonymous_3)
FNDA:19,(anonymous_4)
FNDA:6,(anonymous_6)
FNDA:7,Queue
FNF:7
FNH:7
DA:3,1
DA:4,7
DA:5,1
DA:8,6
DA:9,6
DA:10,6
DA:11,6
DA:12,6
DA:13,6
DA:16,1
DA:22,1
DA:23,3
DA:24,13
DA:25,13
DA:26,13
DA:30,1
DA:32,19
DA:36,1
DA:37,45
DA:38,6
DA:40,39
DA:41,13
DA:42,13
DA:43,13
DA:44,13
DA:47,39
DA:48,18
DA:49,6
DA:50,6
DA:55,1
DA:56,6
DA:57,6
DA:58,6
DA:62,1
DA:63,13
DA:64,13
DA:67,1
LF:37
LH:37
end_of_record
